<html>
<head>
<title>TestNG:  GRP-testing</title>
<link href="../testng.css" rel="stylesheet" type="text/css" />
<link href="../my-testng.css" rel="stylesheet" type="text/css" />

<style type="text/css">
.log { display: none;} 
.stack-trace { display: none;} 
</style>
<script type="text/javascript">
<!--
function flip(e) {
  current = e.style.display;
  if (current == 'block') {
    e.style.display = 'none';
    return 0;
  }
  else {
    e.style.display = 'block';
    return 1;
  }
}

function toggleBox(szDivId, elem, msg1, msg2)
{
  var res = -1;  if (document.getElementById) {
    res = flip(document.getElementById(szDivId));
  }
  else if (document.all) {
    // this is the way old msie versions work
    res = flip(document.all[szDivId]);
  }
  if(elem) {
    if(res == 0) elem.innerHTML = msg1; else elem.innerHTML = msg2;
  }

}

function toggleAllBoxes() {
  if (document.getElementsByTagName) {
    d = document.getElementsByTagName('div');
    for (i = 0; i < d.length; i++) {
      if (d[i].className == 'log') {
        flip(d[i]);
      }
    }
  }
}

// -->
</script>

</head>
<body>
<h2 align='center'>GRP-testing</h2><table border='1' align="center">
<tr>
<td>Tests passed/Failed/Skipped:</td><td>41/13/0</td>
</tr><tr>
<td>Started on:</td><td>Wed Apr 08 13:02:41 CST 2015</td>
</tr>
<tr><td>Total time:</td><td>494 seconds (494759 ms)</td>
</tr><tr>
<td>Included groups:</td><td>testing </td>
</tr><tr>
<td>Excluded groups:</td><td></td>
</tr>
</table><p/>
<small><i>(Hover the method name to see the test class name)</i></small><p/>
<table width='100%' border='1' class='invocation-failed'>
<tr><td colspan='4' align='center'><b>FAILED TESTS</b></td></tr>
<tr><td><b>Test method</b></td>
<td width="30%"><b>Exception</b></td>
<td width="10%"><b>Time (seconds)</b></td>
<td><b>Instance</b></td>
</tr>
<tr>
<td title='com.dangdang.reader.testcases.PersonCenterTest.ConsumerDepositTest()'><b>ConsumerDepositTest</b><br>Test class: com.dangdang.reader.testcases.PersonCenterTest<br>Parameters: 正常流程, {action=consumerDeposit, channelId=40000, clientOs=4.2.2, clientVersionNo=1.0, depositOrderNo=auto, deviceSerialNo=863151026834264, deviceType=Android, fromPaltform=ds_android, macAddr=18:dc:56:36:67:9c, md5Sign=auto, payTime=auto, paymentId=1010, permanentId=20150110021451227105983711475801861, platformSource=DDXS-P, relationProductId=1900101193, resolution=540*960, returnType=json, serverVersionNo=1.2.1, token=5d92d69339d5f1e90166fd123d4a1f2d}, 0</td>
<td><div><pre>java.net.SocketTimeoutException: Read timed out
	at java.net.SocketInputStream.socketRead0(Native Method)
	at java.net.SocketInputStream.read(Unknown Source)
	at org.apache.http.impl.io.SessionInputBufferImpl.streamRead(SessionInputBufferImpl.java:136)
	at org.apache.http.impl.io.SessionInputBufferImpl.fillBuffer(SessionInputBufferImpl.java:152)
	at org.apache.http.impl.io.SessionInputBufferImpl.readLine(SessionInputBufferImpl.java:270)
	at org.apache.http.impl.conn.DefaultHttpResponseParser.parseHead(DefaultHttpResponseParser.java:140)
	at org.apache.http.impl.conn.DefaultHttpResponseParser.parseHead(DefaultHttpResponseParser.java:57)
	at org.apache.http.impl.io.AbstractMessageParser.parse(AbstractMessageParser.java:260)
	at org.apache.http.impl.DefaultBHttpClientConnection.receiveResponseHeader(DefaultBHttpClientConnection.java:161)
	at org.apache.http.impl.conn.CPoolProxy.receiveResponseHeader(CPoolProxy.java:153)
	at org.apache.http.protocol.HttpRequestExecutor.doReceiveResponse(HttpRequestExecutor.java:271)
	at org.apache.http.protocol.HttpRequestExecutor.execute(HttpRequestExecutor.java:123)
	at org.apache.http.impl.execchain.MainClientExec.execute(MainClientExec.java:254)
	at org.apache.http.impl.execchain.ProtocolExec.execute(ProtocolExec.java:195)
	at org.apache.http.impl.execchain.RetryExec.execute(RetryExec.java:86)
	at org.apache.http.impl.execchain.RedirectExec.execute(RedirectExec.java:108)
	at org.apache.http.impl.client.InternalHttpClient.doExecute(InternalHttpClient.java:184)
	at org.apache.http.impl.client.CloseableHttpClient.execute(CloseableHttpClient.java:82)
	at org.apache.http.impl.client.CloseableHttpClient.execute(CloseableHttpClient.java:106)
	at com.dangdang.ddframework.drivers.HttpDriver.doGet(HttpDriver.java:94)
	at com.dangdang.ddframework.drivers.HttpDriver.doGet(HttpDriver.java:51)
	at com.dangdang.ddframework.core.InterfaceBase.doWork(InterfaceBase.java:32)
	at com.dangdang.reader.functional.personcenter.GenerateOrder.doWork(GenerateOrder.java:37)
	at com.dangdang.reader.functional.personcenter.ConsumerDeposit.parseParam(ConsumerDeposit.java:160)
	at com.dangdang.ddframework.core.FunctionalBase.doWork(FunctionalBase.java:117)
	at com.dangdang.ddframework.core.InterfaceBase.doWork(InterfaceBase.java:31)
	at com.dangdang.reader.functional.personcenter.ConsumerDeposit.doWork(ConsumerDeposit.java:284)
	at com.dangdang.ddframework.core.FunctionalBase.doWorkAndVerify(FunctionalBase.java:163)
	at com.dangdang.reader.testcases.PersonCenterTest.ConsumerDepositTest(PersonCenterTest.java:60)
	at sun.reflect.NativeMethodAccessorImpl.invoke0(Native Method)
	at sun.reflect.NativeMethodAccessorImpl.invoke(Unknown Source)
	at sun.reflect.DelegatingMethodAccessorImpl.invoke(Unknown Source)
	at java.lang.reflect.Method.invoke(Unknown Source)
	at org.testng.internal.MethodInvocationHelper.invokeMethod(MethodInvocationHelper.java:84)
	at org.testng.internal.Invoker.invokeMethod(Invoker.java:714)
	at org.testng.internal.Invoker.invokeTestMethod(Invoker.java:901)
	at org.testng.internal.Invoker.invokeTestMethods(Invoker.java:1231)
	at org.testng.internal.TestMethodWorker.invokeTestMethods(TestMethodWorker.java:127)
	at org.testng.internal.TestMethodWorker.run(TestMethodWorker.java:111)
	at org.testng.TestRunner.privateRun(TestRunner.java:767)
	at org.testng.TestRunner.run(TestRunner.java:617)
	at org.testng.SuiteRunner.runTest(SuiteRunner.java:334)
	at org.testng.SuiteRunner.runSequentially(SuiteRunner.java:329)
	at org.testng.SuiteRunner.privateRun(SuiteRunner.java:291)
	at org.testng.SuiteRunner.run(SuiteRunner.java:240)
	at org.testng.SuiteRunnerWorker.runSuite(SuiteRunnerWorker.java:52)
	at org.testng.SuiteRunnerWorker.run(SuiteRunnerWorker.java:86)
	at org.testng.TestNG.runSuitesSequentially(TestNG.java:1224)
	at org.testng.TestNG.runSuitesLocally(TestNG.java:1149)
	at org.testng.TestNG.run(TestNG.java:1057)
	at org.testng.remote.RemoteTestNG.run(RemoteTestNG.java:111)
	at org.testng.remote.RemoteTestNG.initAndRun(RemoteTestNG.java:204)
	at org.testng.remote.RemoteTestNG.main(RemoteTestNG.java:175)
</pre></div><a href='#' onClick='toggleBox("stack-trace885512739", this, "Click to show all stack frames", "Click to hide stack frames")'>Click to show all stack frames</a>
<div class='stack-trace' id='stack-trace885512739'><pre>java.net.SocketTimeoutException: Read timed out
	at java.net.SocketInputStream.socketRead0(Native Method)
	at java.net.SocketInputStream.read(Unknown Source)
	at org.apache.http.impl.io.SessionInputBufferImpl.streamRead(SessionInputBufferImpl.java:136)
	at org.apache.http.impl.io.SessionInputBufferImpl.fillBuffer(SessionInputBufferImpl.java:152)
	at org.apache.http.impl.io.SessionInputBufferImpl.readLine(SessionInputBufferImpl.java:270)
	at org.apache.http.impl.conn.DefaultHttpResponseParser.parseHead(DefaultHttpResponseParser.java:140)
	at org.apache.http.impl.conn.DefaultHttpResponseParser.parseHead(DefaultHttpResponseParser.java:57)
	at org.apache.http.impl.io.AbstractMessageParser.parse(AbstractMessageParser.java:260)
	at org.apache.http.impl.DefaultBHttpClientConnection.receiveResponseHeader(DefaultBHttpClientConnection.java:161)
	at org.apache.http.impl.conn.CPoolProxy.receiveResponseHeader(CPoolProxy.java:153)
	at org.apache.http.protocol.HttpRequestExecutor.doReceiveResponse(HttpRequestExecutor.java:271)
	at org.apache.http.protocol.HttpRequestExecutor.execute(HttpRequestExecutor.java:123)
	at org.apache.http.impl.execchain.MainClientExec.execute(MainClientExec.java:254)
	at org.apache.http.impl.execchain.ProtocolExec.execute(ProtocolExec.java:195)
	at org.apache.http.impl.execchain.RetryExec.execute(RetryExec.java:86)
	at org.apache.http.impl.execchain.RedirectExec.execute(RedirectExec.java:108)
	at org.apache.http.impl.client.InternalHttpClient.doExecute(InternalHttpClient.java:184)
	at org.apache.http.impl.client.CloseableHttpClient.execute(CloseableHttpClient.java:82)
	at org.apache.http.impl.client.CloseableHttpClient.execute(CloseableHttpClient.java:106)
	at com.dangdang.ddframework.drivers.HttpDriver.doGet(HttpDriver.java:94)
	at com.dangdang.ddframework.drivers.HttpDriver.doGet(HttpDriver.java:51)
	at com.dangdang.ddframework.core.InterfaceBase.doWork(InterfaceBase.java:32)
	at com.dangdang.reader.functional.personcenter.GenerateOrder.doWork(GenerateOrder.java:37)
	at com.dangdang.reader.functional.personcenter.ConsumerDeposit.parseParam(ConsumerDeposit.java:160)
	at com.dangdang.ddframework.core.FunctionalBase.doWork(FunctionalBase.java:117)
	at com.dangdang.ddframework.core.InterfaceBase.doWork(InterfaceBase.java:31)
	at com.dangdang.reader.functional.personcenter.ConsumerDeposit.doWork(ConsumerDeposit.java:284)
	at com.dangdang.ddframework.core.FunctionalBase.doWorkAndVerify(FunctionalBase.java:163)
	at com.dangdang.reader.testcases.PersonCenterTest.ConsumerDepositTest(PersonCenterTest.java:60)
	at sun.reflect.NativeMethodAccessorImpl.invoke0(Native Method)
	at sun.reflect.NativeMethodAccessorImpl.invoke(Unknown Source)
	at sun.reflect.DelegatingMethodAccessorImpl.invoke(Unknown Source)
	at java.lang.reflect.Method.invoke(Unknown Source)
	at org.testng.internal.MethodInvocationHelper.invokeMethod(MethodInvocationHelper.java:84)
	at org.testng.internal.Invoker.invokeMethod(Invoker.java:714)
	at org.testng.internal.Invoker.invokeTestMethod(Invoker.java:901)
	at org.testng.internal.Invoker.invokeTestMethods(Invoker.java:1231)
	at org.testng.internal.TestMethodWorker.invokeTestMethods(TestMethodWorker.java:127)
	at org.testng.internal.TestMethodWorker.run(TestMethodWorker.java:111)
	at org.testng.TestRunner.privateRun(TestRunner.java:767)
	at org.testng.TestRunner.run(TestRunner.java:617)
	at org.testng.SuiteRunner.runTest(SuiteRunner.java:334)
	at org.testng.SuiteRunner.runSequentially(SuiteRunner.java:329)
	at org.testng.SuiteRunner.privateRun(SuiteRunner.java:291)
	at org.testng.SuiteRunner.run(SuiteRunner.java:240)
	at org.testng.SuiteRunnerWorker.runSuite(SuiteRunnerWorker.java:52)
	at org.testng.SuiteRunnerWorker.run(SuiteRunnerWorker.java:86)
	at org.testng.TestNG.runSuitesSequentially(TestNG.java:1224)
	at org.testng.TestNG.runSuitesLocally(TestNG.java:1149)
	at org.testng.TestNG.run(TestNG.java:1057)
	at org.testng.remote.RemoteTestNG.run(RemoteTestNG.java:111)
	at org.testng.remote.RemoteTestNG.initAndRun(RemoteTestNG.java:204)
	at org.testng.remote.RemoteTestNG.main(RemoteTestNG.java:175)
</pre></div></td>
<td>15</td>
<td>com.dangdang.reader.testcases.PersonCenterTest@7a19a37a</td></tr>
<tr>
<td title='com.dangdang.reader.testcases.PersonCenterTest.ConsumerDepositTest()'><b>ConsumerDepositTest</b><br>Test class: com.dangdang.reader.testcases.PersonCenterTest<br>Parameters: depositOrderNo不正确, {action=consumerDeposit, channelId=40000, clientOs=4.2.2, clientVersionNo=1.0, depositOrderNo=asdsdsasda, deviceSerialNo=863151026834264, deviceType=Android, fromPaltform=ds_android, macAddr=18:dc:56:36:67:9c, md5Sign=99e92a8311f9a006f87a33a11d29a14d, payTime=1428469410811, paymentId=1010, permanentId=20150110021451227105983711475801861, platformSource=DDXS-P, relationProductId=1900101193, resolution=540*960, returnType=json, serverVersionNo=1.2.1, token=b7168429e5c7d371c30b526d30af516f}, 10002</td>
<td><div><pre>java.lang.AssertionError
	at com.dangdang.reader.testcases.PersonCenterTest.ConsumerDepositTest(PersonCenterTest.java:62)
	at sun.reflect.NativeMethodAccessorImpl.invoke0(Native Method)
	at sun.reflect.NativeMethodAccessorImpl.invoke(Unknown Source)
	at sun.reflect.DelegatingMethodAccessorImpl.invoke(Unknown Source)
	at java.lang.reflect.Method.invoke(Unknown Source)
	at org.testng.internal.MethodInvocationHelper.invokeMethod(MethodInvocationHelper.java:84)
	at org.testng.internal.Invoker.invokeMethod(Invoker.java:714)
	at org.testng.internal.Invoker.invokeTestMethod(Invoker.java:901)
	at org.testng.internal.Invoker.invokeTestMethods(Invoker.java:1231)
	at org.testng.internal.TestMethodWorker.invokeTestMethods(TestMethodWorker.java:127)
	at org.testng.internal.TestMethodWorker.run(TestMethodWorker.java:111)
	at org.testng.TestRunner.privateRun(TestRunner.java:767)
	at org.testng.TestRunner.run(TestRunner.java:617)
	at org.testng.SuiteRunner.runTest(SuiteRunner.java:334)
	at org.testng.SuiteRunner.runSequentially(SuiteRunner.java:329)
	at org.testng.SuiteRunner.privateRun(SuiteRunner.java:291)
	at org.testng.SuiteRunner.run(SuiteRunner.java:240)
	at org.testng.SuiteRunnerWorker.runSuite(SuiteRunnerWorker.java:52)
	at org.testng.SuiteRunnerWorker.run(SuiteRunnerWorker.java:86)
	at org.testng.TestNG.runSuitesSequentially(TestNG.java:1224)
	at org.testng.TestNG.runSuitesLocally(TestNG.java:1149)
	at org.testng.TestNG.run(TestNG.java:1057)
	at org.testng.remote.RemoteTestNG.run(RemoteTestNG.java:111)
	at org.testng.remote.RemoteTestNG.initAndRun(RemoteTestNG.java:204)
	at org.testng.remote.RemoteTestNG.main(RemoteTestNG.java:175)
</pre></div><a href='#' onClick='toggleBox("stack-trace1034782352", this, "Click to show all stack frames", "Click to hide stack frames")'>Click to show all stack frames</a>
<div class='stack-trace' id='stack-trace1034782352'><pre>java.lang.AssertionError
	at com.dangdang.reader.testcases.PersonCenterTest.ConsumerDepositTest(PersonCenterTest.java:62)
	at sun.reflect.NativeMethodAccessorImpl.invoke0(Native Method)
	at sun.reflect.NativeMethodAccessorImpl.invoke(Unknown Source)
	at sun.reflect.DelegatingMethodAccessorImpl.invoke(Unknown Source)
	at java.lang.reflect.Method.invoke(Unknown Source)
	at org.testng.internal.MethodInvocationHelper.invokeMethod(MethodInvocationHelper.java:84)
	at org.testng.internal.Invoker.invokeMethod(Invoker.java:714)
	at org.testng.internal.Invoker.invokeTestMethod(Invoker.java:901)
	at org.testng.internal.Invoker.invokeTestMethods(Invoker.java:1231)
	at org.testng.internal.TestMethodWorker.invokeTestMethods(TestMethodWorker.java:127)
	at org.testng.internal.TestMethodWorker.run(TestMethodWorker.java:111)
	at org.testng.TestRunner.privateRun(TestRunner.java:767)
	at org.testng.TestRunner.run(TestRunner.java:617)
	at org.testng.SuiteRunner.runTest(SuiteRunner.java:334)
	at org.testng.SuiteRunner.runSequentially(SuiteRunner.java:329)
	at org.testng.SuiteRunner.privateRun(SuiteRunner.java:291)
	at org.testng.SuiteRunner.run(SuiteRunner.java:240)
	at org.testng.SuiteRunnerWorker.runSuite(SuiteRunnerWorker.java:52)
	at org.testng.SuiteRunnerWorker.run(SuiteRunnerWorker.java:86)
	at org.testng.TestNG.runSuitesSequentially(TestNG.java:1224)
	at org.testng.TestNG.runSuitesLocally(TestNG.java:1149)
	at org.testng.TestNG.run(TestNG.java:1057)
	at org.testng.remote.RemoteTestNG.run(RemoteTestNG.java:111)
	at org.testng.remote.RemoteTestNG.initAndRun(RemoteTestNG.java:204)
	at org.testng.remote.RemoteTestNG.main(RemoteTestNG.java:175)
</pre></div></td>
<td>0</td>
<td>com.dangdang.reader.testcases.PersonCenterTest@7a19a37a</td></tr>
<tr>
<td title='com.dangdang.reader.testcases.PersonCenterTest.ConsumerDepositTest()'><b>ConsumerDepositTest</b><br>Test class: com.dangdang.reader.testcases.PersonCenterTest<br>Parameters: relationProductId不正确, {action=consumerDeposit, channelId=40000, clientOs=4.2.2, clientVersionNo=1.0, depositOrderNo=12334455, deviceSerialNo=863151026834264, deviceType=Android, fromPaltform=ds_android, macAddr=18:dc:56:36:67:9c, md5Sign=8b59e05427af032f3f3fca2a30704d5f, payTime=1428469411762, paymentId=1010, permanentId=20150110021451227105983711475801861, platformSource=DDXS-P, relationProductId=invaild,asdsdsasda, resolution=540*960, returnType=json, serverVersionNo=1.2.1, token=b1f4263cf8db5aeb100c6aca9c77f91a}, 10002</td>
<td><div><pre>java.lang.AssertionError
	at com.dangdang.reader.testcases.PersonCenterTest.ConsumerDepositTest(PersonCenterTest.java:62)
	at sun.reflect.NativeMethodAccessorImpl.invoke0(Native Method)
	at sun.reflect.NativeMethodAccessorImpl.invoke(Unknown Source)
	at sun.reflect.DelegatingMethodAccessorImpl.invoke(Unknown Source)
	at java.lang.reflect.Method.invoke(Unknown Source)
	at org.testng.internal.MethodInvocationHelper.invokeMethod(MethodInvocationHelper.java:84)
	at org.testng.internal.Invoker.invokeMethod(Invoker.java:714)
	at org.testng.internal.Invoker.invokeTestMethod(Invoker.java:901)
	at org.testng.internal.Invoker.invokeTestMethods(Invoker.java:1231)
	at org.testng.internal.TestMethodWorker.invokeTestMethods(TestMethodWorker.java:127)
	at org.testng.internal.TestMethodWorker.run(TestMethodWorker.java:111)
	at org.testng.TestRunner.privateRun(TestRunner.java:767)
	at org.testng.TestRunner.run(TestRunner.java:617)
	at org.testng.SuiteRunner.runTest(SuiteRunner.java:334)
	at org.testng.SuiteRunner.runSequentially(SuiteRunner.java:329)
	at org.testng.SuiteRunner.privateRun(SuiteRunner.java:291)
	at org.testng.SuiteRunner.run(SuiteRunner.java:240)
	at org.testng.SuiteRunnerWorker.runSuite(SuiteRunnerWorker.java:52)
	at org.testng.SuiteRunnerWorker.run(SuiteRunnerWorker.java:86)
	at org.testng.TestNG.runSuitesSequentially(TestNG.java:1224)
	at org.testng.TestNG.runSuitesLocally(TestNG.java:1149)
	at org.testng.TestNG.run(TestNG.java:1057)
	at org.testng.remote.RemoteTestNG.run(RemoteTestNG.java:111)
	at org.testng.remote.RemoteTestNG.initAndRun(RemoteTestNG.java:204)
	at org.testng.remote.RemoteTestNG.main(RemoteTestNG.java:175)
</pre></div><a href='#' onClick='toggleBox("stack-trace2060575533", this, "Click to show all stack frames", "Click to hide stack frames")'>Click to show all stack frames</a>
<div class='stack-trace' id='stack-trace2060575533'><pre>java.lang.AssertionError
	at com.dangdang.reader.testcases.PersonCenterTest.ConsumerDepositTest(PersonCenterTest.java:62)
	at sun.reflect.NativeMethodAccessorImpl.invoke0(Native Method)
	at sun.reflect.NativeMethodAccessorImpl.invoke(Unknown Source)
	at sun.reflect.DelegatingMethodAccessorImpl.invoke(Unknown Source)
	at java.lang.reflect.Method.invoke(Unknown Source)
	at org.testng.internal.MethodInvocationHelper.invokeMethod(MethodInvocationHelper.java:84)
	at org.testng.internal.Invoker.invokeMethod(Invoker.java:714)
	at org.testng.internal.Invoker.invokeTestMethod(Invoker.java:901)
	at org.testng.internal.Invoker.invokeTestMethods(Invoker.java:1231)
	at org.testng.internal.TestMethodWorker.invokeTestMethods(TestMethodWorker.java:127)
	at org.testng.internal.TestMethodWorker.run(TestMethodWorker.java:111)
	at org.testng.TestRunner.privateRun(TestRunner.java:767)
	at org.testng.TestRunner.run(TestRunner.java:617)
	at org.testng.SuiteRunner.runTest(SuiteRunner.java:334)
	at org.testng.SuiteRunner.runSequentially(SuiteRunner.java:329)
	at org.testng.SuiteRunner.privateRun(SuiteRunner.java:291)
	at org.testng.SuiteRunner.run(SuiteRunner.java:240)
	at org.testng.SuiteRunnerWorker.runSuite(SuiteRunnerWorker.java:52)
	at org.testng.SuiteRunnerWorker.run(SuiteRunnerWorker.java:86)
	at org.testng.TestNG.runSuitesSequentially(TestNG.java:1224)
	at org.testng.TestNG.runSuitesLocally(TestNG.java:1149)
	at org.testng.TestNG.run(TestNG.java:1057)
	at org.testng.remote.RemoteTestNG.run(RemoteTestNG.java:111)
	at org.testng.remote.RemoteTestNG.initAndRun(RemoteTestNG.java:204)
	at org.testng.remote.RemoteTestNG.main(RemoteTestNG.java:175)
</pre></div></td>
<td>0</td>
<td>com.dangdang.reader.testcases.PersonCenterTest@7a19a37a</td></tr>
<tr>
<td title='com.dangdang.reader.testcases.PersonCenterTest.GetAccountTest()'><b>GetAccountTest</b><br>Test class: com.dangdang.reader.testcases.PersonCenterTest<br>Parameters: 正常流程, {action=getAccount, channelId=40000, clientOs=4.2.2, clientVersionNo=1.0, deviceSerialNo=863151026834264, deviceType=Android, macAddr=18:dc:56:36:67:9c, permanentId=20150110021451227105983711475801861, platformSource=DDXS-P, resolution=540*960, returnType=json, serverVersionNo=1.2.1, token=f8b6b7584005f6a7e488a7731ff25662}, 0</td>
<td><div><pre>java.lang.NullPointerException
	at com.dangdang.ddframework.util.Util.ConvertToObject(Util.java:44)
	at com.dangdang.ddframework.util.SessionUtil.selectOneT(SessionUtil.java:207)
	at com.dangdang.ddframework.dbutil.DbUtil.selectOne(DbUtil.java:313)
	at com.dangdang.reader.functional.account.GetAccount.dataVerify(GetAccount.java:66)
	at com.dangdang.ddframework.core.FunctionalBase.doWorkAndVerify(FunctionalBase.java:164)
	at com.dangdang.reader.testcases.PersonCenterTest.GetAccountTest(PersonCenterTest.java:79)
	at sun.reflect.NativeMethodAccessorImpl.invoke0(Native Method)
	at sun.reflect.NativeMethodAccessorImpl.invoke(Unknown Source)
	at sun.reflect.DelegatingMethodAccessorImpl.invoke(Unknown Source)
	at java.lang.reflect.Method.invoke(Unknown Source)
	at org.testng.internal.MethodInvocationHelper.invokeMethod(MethodInvocationHelper.java:84)
	at org.testng.internal.Invoker.invokeMethod(Invoker.java:714)
	at org.testng.internal.Invoker.invokeTestMethod(Invoker.java:901)
	at org.testng.internal.Invoker.invokeTestMethods(Invoker.java:1231)
	at org.testng.internal.TestMethodWorker.invokeTestMethods(TestMethodWorker.java:127)
	at org.testng.internal.TestMethodWorker.run(TestMethodWorker.java:111)
	at org.testng.TestRunner.privateRun(TestRunner.java:767)
	at org.testng.TestRunner.run(TestRunner.java:617)
	at org.testng.SuiteRunner.runTest(SuiteRunner.java:334)
	at org.testng.SuiteRunner.runSequentially(SuiteRunner.java:329)
	at org.testng.SuiteRunner.privateRun(SuiteRunner.java:291)
	at org.testng.SuiteRunner.run(SuiteRunner.java:240)
	at org.testng.SuiteRunnerWorker.runSuite(SuiteRunnerWorker.java:52)
	at org.testng.SuiteRunnerWorker.run(SuiteRunnerWorker.java:86)
	at org.testng.TestNG.runSuitesSequentially(TestNG.java:1224)
	at org.testng.TestNG.runSuitesLocally(TestNG.java:1149)
	at org.testng.TestNG.run(TestNG.java:1057)
	at org.testng.remote.RemoteTestNG.run(RemoteTestNG.java:111)
	at org.testng.remote.RemoteTestNG.initAndRun(RemoteTestNG.java:204)
	at org.testng.remote.RemoteTestNG.main(RemoteTestNG.java:175)
</pre></div><a href='#' onClick='toggleBox("stack-trace1565741143", this, "Click to show all stack frames", "Click to hide stack frames")'>Click to show all stack frames</a>
<div class='stack-trace' id='stack-trace1565741143'><pre>java.lang.NullPointerException
	at com.dangdang.ddframework.util.Util.ConvertToObject(Util.java:44)
	at com.dangdang.ddframework.util.SessionUtil.selectOneT(SessionUtil.java:207)
	at com.dangdang.ddframework.dbutil.DbUtil.selectOne(DbUtil.java:313)
	at com.dangdang.reader.functional.account.GetAccount.dataVerify(GetAccount.java:66)
	at com.dangdang.ddframework.core.FunctionalBase.doWorkAndVerify(FunctionalBase.java:164)
	at com.dangdang.reader.testcases.PersonCenterTest.GetAccountTest(PersonCenterTest.java:79)
	at sun.reflect.NativeMethodAccessorImpl.invoke0(Native Method)
	at sun.reflect.NativeMethodAccessorImpl.invoke(Unknown Source)
	at sun.reflect.DelegatingMethodAccessorImpl.invoke(Unknown Source)
	at java.lang.reflect.Method.invoke(Unknown Source)
	at org.testng.internal.MethodInvocationHelper.invokeMethod(MethodInvocationHelper.java:84)
	at org.testng.internal.Invoker.invokeMethod(Invoker.java:714)
	at org.testng.internal.Invoker.invokeTestMethod(Invoker.java:901)
	at org.testng.internal.Invoker.invokeTestMethods(Invoker.java:1231)
	at org.testng.internal.TestMethodWorker.invokeTestMethods(TestMethodWorker.java:127)
	at org.testng.internal.TestMethodWorker.run(TestMethodWorker.java:111)
	at org.testng.TestRunner.privateRun(TestRunner.java:767)
	at org.testng.TestRunner.run(TestRunner.java:617)
	at org.testng.SuiteRunner.runTest(SuiteRunner.java:334)
	at org.testng.SuiteRunner.runSequentially(SuiteRunner.java:329)
	at org.testng.SuiteRunner.privateRun(SuiteRunner.java:291)
	at org.testng.SuiteRunner.run(SuiteRunner.java:240)
	at org.testng.SuiteRunnerWorker.runSuite(SuiteRunnerWorker.java:52)
	at org.testng.SuiteRunnerWorker.run(SuiteRunnerWorker.java:86)
	at org.testng.TestNG.runSuitesSequentially(TestNG.java:1224)
	at org.testng.TestNG.runSuitesLocally(TestNG.java:1149)
	at org.testng.TestNG.run(TestNG.java:1057)
	at org.testng.remote.RemoteTestNG.run(RemoteTestNG.java:111)
	at org.testng.remote.RemoteTestNG.initAndRun(RemoteTestNG.java:204)
	at org.testng.remote.RemoteTestNG.main(RemoteTestNG.java:175)
</pre></div></td>
<td>0</td>
<td>com.dangdang.reader.testcases.PersonCenterTest@7a19a37a</td></tr>
<tr>
<td title='com.dangdang.reader.testcases.bookstore.GetEbookOrderFlowV2TestCase.GetEbookOrderFlowV2Test()'><b>GetEbookOrderFlowV2Test</b><br>Test class: com.dangdang.reader.testcases.bookstore.GetEbookOrderFlowV2TestCase<br>Parameters: 正常流程, {action=getEbookOrderFlowV2, channelId=40000, clientOs=4.2.2, clientVersionNo=1.0, deviceSerialNo=863151026834264, deviceType=Android, macAddr=18:dc:56:36:67:9c, permanentId=20150110021451227105983711475801861, platformSource=DDXS-P, productIds=1900089402, resolution=540*960, returnType=json, serverVersionNo=1.2.1, token=6278dd901c54e33db44cbf8dbda9521b}, 0</td>
<td><div><pre>java.lang.AssertionError
	at com.dangdang.reader.testcases.bookstore.GetEbookOrderFlowV2TestCase.GetEbookOrderFlowV2Test(GetEbookOrderFlowV2TestCase.java:18)
	at sun.reflect.NativeMethodAccessorImpl.invoke0(Native Method)
	at sun.reflect.NativeMethodAccessorImpl.invoke(Unknown Source)
	at sun.reflect.DelegatingMethodAccessorImpl.invoke(Unknown Source)
	at java.lang.reflect.Method.invoke(Unknown Source)
	at org.testng.internal.MethodInvocationHelper.invokeMethod(MethodInvocationHelper.java:84)
	at org.testng.internal.Invoker.invokeMethod(Invoker.java:714)
	at org.testng.internal.Invoker.invokeTestMethod(Invoker.java:901)
	at org.testng.internal.Invoker.invokeTestMethods(Invoker.java:1231)
	at org.testng.internal.TestMethodWorker.invokeTestMethods(TestMethodWorker.java:127)
	at org.testng.internal.TestMethodWorker.run(TestMethodWorker.java:111)
	at org.testng.TestRunner.privateRun(TestRunner.java:767)
	at org.testng.TestRunner.run(TestRunner.java:617)
	at org.testng.SuiteRunner.runTest(SuiteRunner.java:334)
	at org.testng.SuiteRunner.runSequentially(SuiteRunner.java:329)
	at org.testng.SuiteRunner.privateRun(SuiteRunner.java:291)
	at org.testng.SuiteRunner.run(SuiteRunner.java:240)
	at org.testng.SuiteRunnerWorker.runSuite(SuiteRunnerWorker.java:52)
	at org.testng.SuiteRunnerWorker.run(SuiteRunnerWorker.java:86)
	at org.testng.TestNG.runSuitesSequentially(TestNG.java:1224)
	at org.testng.TestNG.runSuitesLocally(TestNG.java:1149)
	at org.testng.TestNG.run(TestNG.java:1057)
	at org.testng.remote.RemoteTestNG.run(RemoteTestNG.java:111)
	at org.testng.remote.RemoteTestNG.initAndRun(RemoteTestNG.java:204)
	at org.testng.remote.RemoteTestNG.main(RemoteTestNG.java:175)
</pre></div><a href='#' onClick='toggleBox("stack-trace8490467", this, "Click to show all stack frames", "Click to hide stack frames")'>Click to show all stack frames</a>
<div class='stack-trace' id='stack-trace8490467'><pre>java.lang.AssertionError
	at com.dangdang.reader.testcases.bookstore.GetEbookOrderFlowV2TestCase.GetEbookOrderFlowV2Test(GetEbookOrderFlowV2TestCase.java:18)
	at sun.reflect.NativeMethodAccessorImpl.invoke0(Native Method)
	at sun.reflect.NativeMethodAccessorImpl.invoke(Unknown Source)
	at sun.reflect.DelegatingMethodAccessorImpl.invoke(Unknown Source)
	at java.lang.reflect.Method.invoke(Unknown Source)
	at org.testng.internal.MethodInvocationHelper.invokeMethod(MethodInvocationHelper.java:84)
	at org.testng.internal.Invoker.invokeMethod(Invoker.java:714)
	at org.testng.internal.Invoker.invokeTestMethod(Invoker.java:901)
	at org.testng.internal.Invoker.invokeTestMethods(Invoker.java:1231)
	at org.testng.internal.TestMethodWorker.invokeTestMethods(TestMethodWorker.java:127)
	at org.testng.internal.TestMethodWorker.run(TestMethodWorker.java:111)
	at org.testng.TestRunner.privateRun(TestRunner.java:767)
	at org.testng.TestRunner.run(TestRunner.java:617)
	at org.testng.SuiteRunner.runTest(SuiteRunner.java:334)
	at org.testng.SuiteRunner.runSequentially(SuiteRunner.java:329)
	at org.testng.SuiteRunner.privateRun(SuiteRunner.java:291)
	at org.testng.SuiteRunner.run(SuiteRunner.java:240)
	at org.testng.SuiteRunnerWorker.runSuite(SuiteRunnerWorker.java:52)
	at org.testng.SuiteRunnerWorker.run(SuiteRunnerWorker.java:86)
	at org.testng.TestNG.runSuitesSequentially(TestNG.java:1224)
	at org.testng.TestNG.runSuitesLocally(TestNG.java:1149)
	at org.testng.TestNG.run(TestNG.java:1057)
	at org.testng.remote.RemoteTestNG.run(RemoteTestNG.java:111)
	at org.testng.remote.RemoteTestNG.initAndRun(RemoteTestNG.java:204)
	at org.testng.remote.RemoteTestNG.main(RemoteTestNG.java:175)
</pre></div></td>
<td>40</td>
<td>com.dangdang.reader.testcases.bookstore.GetEbookOrderFlowV2TestCase@494b6bed</td></tr>
<tr>
<td title='com.dangdang.reader.testcases.PersonCenterTest.LastTimePaymentTest()'><b>LastTimePaymentTest</b><br>Test class: com.dangdang.reader.testcases.PersonCenterTest<br>Parameters: 正常流程, {action=findLastTimePayment, channelId=40000, clientOs=4.2.2, clientVersionNo=1.0, deviceSerialNo=863151026834264, deviceType=Android, fromPaltform=ds_android, macAddr=18:dc:56:36:67:9c, permanentId=20150110021451227105983711475801861, platformSource=DDXS-P, resolution=540*960, returnType=json, serverVersionNo=1.2.1, token=eb451fef92c2c72ed939e81b40545d3f}, 0</td>
<td><div><pre>java.lang.AssertionError
	at com.dangdang.reader.testcases.PersonCenterTest.LastTimePaymentTest(PersonCenterTest.java:45)
	at sun.reflect.NativeMethodAccessorImpl.invoke0(Native Method)
	at sun.reflect.NativeMethodAccessorImpl.invoke(Unknown Source)
	at sun.reflect.DelegatingMethodAccessorImpl.invoke(Unknown Source)
	at java.lang.reflect.Method.invoke(Unknown Source)
	at org.testng.internal.MethodInvocationHelper.invokeMethod(MethodInvocationHelper.java:84)
	at org.testng.internal.Invoker.invokeMethod(Invoker.java:714)
	at org.testng.internal.Invoker.invokeTestMethod(Invoker.java:901)
	at org.testng.internal.Invoker.invokeTestMethods(Invoker.java:1231)
	at org.testng.internal.TestMethodWorker.invokeTestMethods(TestMethodWorker.java:127)
	at org.testng.internal.TestMethodWorker.run(TestMethodWorker.java:111)
	at org.testng.TestRunner.privateRun(TestRunner.java:767)
	at org.testng.TestRunner.run(TestRunner.java:617)
	at org.testng.SuiteRunner.runTest(SuiteRunner.java:334)
	at org.testng.SuiteRunner.runSequentially(SuiteRunner.java:329)
	at org.testng.SuiteRunner.privateRun(SuiteRunner.java:291)
	at org.testng.SuiteRunner.run(SuiteRunner.java:240)
	at org.testng.SuiteRunnerWorker.runSuite(SuiteRunnerWorker.java:52)
	at org.testng.SuiteRunnerWorker.run(SuiteRunnerWorker.java:86)
	at org.testng.TestNG.runSuitesSequentially(TestNG.java:1224)
	at org.testng.TestNG.runSuitesLocally(TestNG.java:1149)
	at org.testng.TestNG.run(TestNG.java:1057)
	at org.testng.remote.RemoteTestNG.run(RemoteTestNG.java:111)
	at org.testng.remote.RemoteTestNG.initAndRun(RemoteTestNG.java:204)
	at org.testng.remote.RemoteTestNG.main(RemoteTestNG.java:175)
</pre></div><a href='#' onClick='toggleBox("stack-trace813773958", this, "Click to show all stack frames", "Click to hide stack frames")'>Click to show all stack frames</a>
<div class='stack-trace' id='stack-trace813773958'><pre>java.lang.AssertionError
	at com.dangdang.reader.testcases.PersonCenterTest.LastTimePaymentTest(PersonCenterTest.java:45)
	at sun.reflect.NativeMethodAccessorImpl.invoke0(Native Method)
	at sun.reflect.NativeMethodAccessorImpl.invoke(Unknown Source)
	at sun.reflect.DelegatingMethodAccessorImpl.invoke(Unknown Source)
	at java.lang.reflect.Method.invoke(Unknown Source)
	at org.testng.internal.MethodInvocationHelper.invokeMethod(MethodInvocationHelper.java:84)
	at org.testng.internal.Invoker.invokeMethod(Invoker.java:714)
	at org.testng.internal.Invoker.invokeTestMethod(Invoker.java:901)
	at org.testng.internal.Invoker.invokeTestMethods(Invoker.java:1231)
	at org.testng.internal.TestMethodWorker.invokeTestMethods(TestMethodWorker.java:127)
	at org.testng.internal.TestMethodWorker.run(TestMethodWorker.java:111)
	at org.testng.TestRunner.privateRun(TestRunner.java:767)
	at org.testng.TestRunner.run(TestRunner.java:617)
	at org.testng.SuiteRunner.runTest(SuiteRunner.java:334)
	at org.testng.SuiteRunner.runSequentially(SuiteRunner.java:329)
	at org.testng.SuiteRunner.privateRun(SuiteRunner.java:291)
	at org.testng.SuiteRunner.run(SuiteRunner.java:240)
	at org.testng.SuiteRunnerWorker.runSuite(SuiteRunnerWorker.java:52)
	at org.testng.SuiteRunnerWorker.run(SuiteRunnerWorker.java:86)
	at org.testng.TestNG.runSuitesSequentially(TestNG.java:1224)
	at org.testng.TestNG.runSuitesLocally(TestNG.java:1149)
	at org.testng.TestNG.run(TestNG.java:1057)
	at org.testng.remote.RemoteTestNG.run(RemoteTestNG.java:111)
	at org.testng.remote.RemoteTestNG.initAndRun(RemoteTestNG.java:204)
	at org.testng.remote.RemoteTestNG.main(RemoteTestNG.java:175)
</pre></div></td>
<td>0</td>
<td>com.dangdang.reader.testcases.PersonCenterTest@7a19a37a</td></tr>
<tr>
<td title='com.dangdang.reader.testcases.PersonCenterTest.PurchaseEbookVirtualPaymentTest()'><b>PurchaseEbookVirtualPaymentTest</b><br>Test class: com.dangdang.reader.testcases.PersonCenterTest<br>Parameters: 购买一本书, {action=purchaseEbookVirtualPayment, channelId=40000, clientOs=4.2.2, clientVersionNo=1.0, deviceSerialNo=863151026834264, deviceType=Android, from_url=103, macAddr=18:dc:56:36:67:9c, permanentId=20150110021451227105983711475801861, platformSource=DDXS-P, productIds=1900089402, resolution=540*960, returnType=json, serverVersionNo=1.2.1, sign=WlzkR6Zq9diqrP/do1Pdo9Fc4VWso/X/RPqs8HFQrFU=, timestamp=1428469474117, token=eb451fef92c2c72ed939e81b40545d3f}, 0</td>
<td><div><pre>java.lang.AssertionError
	at com.dangdang.reader.testcases.PersonCenterTest.PurchaseEbookVirtualPaymentTest(PersonCenterTest.java:90)
	at sun.reflect.NativeMethodAccessorImpl.invoke0(Native Method)
	at sun.reflect.NativeMethodAccessorImpl.invoke(Unknown Source)
	at sun.reflect.DelegatingMethodAccessorImpl.invoke(Unknown Source)
	at java.lang.reflect.Method.invoke(Unknown Source)
	at org.testng.internal.MethodInvocationHelper.invokeMethod(MethodInvocationHelper.java:84)
	at org.testng.internal.Invoker.invokeMethod(Invoker.java:714)
	at org.testng.internal.Invoker.invokeTestMethod(Invoker.java:901)
	at org.testng.internal.Invoker.invokeTestMethods(Invoker.java:1231)
	at org.testng.internal.TestMethodWorker.invokeTestMethods(TestMethodWorker.java:127)
	at org.testng.internal.TestMethodWorker.run(TestMethodWorker.java:111)
	at org.testng.TestRunner.privateRun(TestRunner.java:767)
	at org.testng.TestRunner.run(TestRunner.java:617)
	at org.testng.SuiteRunner.runTest(SuiteRunner.java:334)
	at org.testng.SuiteRunner.runSequentially(SuiteRunner.java:329)
	at org.testng.SuiteRunner.privateRun(SuiteRunner.java:291)
	at org.testng.SuiteRunner.run(SuiteRunner.java:240)
	at org.testng.SuiteRunnerWorker.runSuite(SuiteRunnerWorker.java:52)
	at org.testng.SuiteRunnerWorker.run(SuiteRunnerWorker.java:86)
	at org.testng.TestNG.runSuitesSequentially(TestNG.java:1224)
	at org.testng.TestNG.runSuitesLocally(TestNG.java:1149)
	at org.testng.TestNG.run(TestNG.java:1057)
	at org.testng.remote.RemoteTestNG.run(RemoteTestNG.java:111)
	at org.testng.remote.RemoteTestNG.initAndRun(RemoteTestNG.java:204)
	at org.testng.remote.RemoteTestNG.main(RemoteTestNG.java:175)
</pre></div><a href='#' onClick='toggleBox("stack-trace1787053705", this, "Click to show all stack frames", "Click to hide stack frames")'>Click to show all stack frames</a>
<div class='stack-trace' id='stack-trace1787053705'><pre>java.lang.AssertionError
	at com.dangdang.reader.testcases.PersonCenterTest.PurchaseEbookVirtualPaymentTest(PersonCenterTest.java:90)
	at sun.reflect.NativeMethodAccessorImpl.invoke0(Native Method)
	at sun.reflect.NativeMethodAccessorImpl.invoke(Unknown Source)
	at sun.reflect.DelegatingMethodAccessorImpl.invoke(Unknown Source)
	at java.lang.reflect.Method.invoke(Unknown Source)
	at org.testng.internal.MethodInvocationHelper.invokeMethod(MethodInvocationHelper.java:84)
	at org.testng.internal.Invoker.invokeMethod(Invoker.java:714)
	at org.testng.internal.Invoker.invokeTestMethod(Invoker.java:901)
	at org.testng.internal.Invoker.invokeTestMethods(Invoker.java:1231)
	at org.testng.internal.TestMethodWorker.invokeTestMethods(TestMethodWorker.java:127)
	at org.testng.internal.TestMethodWorker.run(TestMethodWorker.java:111)
	at org.testng.TestRunner.privateRun(TestRunner.java:767)
	at org.testng.TestRunner.run(TestRunner.java:617)
	at org.testng.SuiteRunner.runTest(SuiteRunner.java:334)
	at org.testng.SuiteRunner.runSequentially(SuiteRunner.java:329)
	at org.testng.SuiteRunner.privateRun(SuiteRunner.java:291)
	at org.testng.SuiteRunner.run(SuiteRunner.java:240)
	at org.testng.SuiteRunnerWorker.runSuite(SuiteRunnerWorker.java:52)
	at org.testng.SuiteRunnerWorker.run(SuiteRunnerWorker.java:86)
	at org.testng.TestNG.runSuitesSequentially(TestNG.java:1224)
	at org.testng.TestNG.runSuitesLocally(TestNG.java:1149)
	at org.testng.TestNG.run(TestNG.java:1057)
	at org.testng.remote.RemoteTestNG.run(RemoteTestNG.java:111)
	at org.testng.remote.RemoteTestNG.initAndRun(RemoteTestNG.java:204)
	at org.testng.remote.RemoteTestNG.main(RemoteTestNG.java:175)
</pre></div></td>
<td>41</td>
<td>com.dangdang.reader.testcases.PersonCenterTest@7a19a37a</td></tr>
<tr>
<td title='com.dangdang.reader.testcases.PersonCenterTest.PurchaseEbookVirtualPaymentTest()'><b>PurchaseEbookVirtualPaymentTest</b><br>Test class: com.dangdang.reader.testcases.PersonCenterTest<br>Parameters: 购买多本书, {action=purchaseEbookVirtualPayment, channelId=40000, clientOs=4.2.2, clientVersionNo=1.0, deviceSerialNo=863151026834264, deviceType=Android, from_url=103, macAddr=18:dc:56:36:67:9c, permanentId=20150110021451227105983711475801861, platformSource=DDXS-P, productIds=1900089402,1900089403, resolution=540*960, returnType=json, serverVersionNo=1.2.1, sign=pvCqVaym6FVEpd2qeFNI9axmcXHdR9FVVeGjpvCHWqo=, timestamp=1428469516930, token=bef19b1d9db96761c950c772e43b0e99}, 0</td>
<td><div><pre>java.lang.AssertionError
	at com.dangdang.reader.testcases.PersonCenterTest.PurchaseEbookVirtualPaymentTest(PersonCenterTest.java:90)
	at sun.reflect.NativeMethodAccessorImpl.invoke0(Native Method)
	at sun.reflect.NativeMethodAccessorImpl.invoke(Unknown Source)
	at sun.reflect.DelegatingMethodAccessorImpl.invoke(Unknown Source)
	at java.lang.reflect.Method.invoke(Unknown Source)
	at org.testng.internal.MethodInvocationHelper.invokeMethod(MethodInvocationHelper.java:84)
	at org.testng.internal.Invoker.invokeMethod(Invoker.java:714)
	at org.testng.internal.Invoker.invokeTestMethod(Invoker.java:901)
	at org.testng.internal.Invoker.invokeTestMethods(Invoker.java:1231)
	at org.testng.internal.TestMethodWorker.invokeTestMethods(TestMethodWorker.java:127)
	at org.testng.internal.TestMethodWorker.run(TestMethodWorker.java:111)
	at org.testng.TestRunner.privateRun(TestRunner.java:767)
	at org.testng.TestRunner.run(TestRunner.java:617)
	at org.testng.SuiteRunner.runTest(SuiteRunner.java:334)
	at org.testng.SuiteRunner.runSequentially(SuiteRunner.java:329)
	at org.testng.SuiteRunner.privateRun(SuiteRunner.java:291)
	at org.testng.SuiteRunner.run(SuiteRunner.java:240)
	at org.testng.SuiteRunnerWorker.runSuite(SuiteRunnerWorker.java:52)
	at org.testng.SuiteRunnerWorker.run(SuiteRunnerWorker.java:86)
	at org.testng.TestNG.runSuitesSequentially(TestNG.java:1224)
	at org.testng.TestNG.runSuitesLocally(TestNG.java:1149)
	at org.testng.TestNG.run(TestNG.java:1057)
	at org.testng.remote.RemoteTestNG.run(RemoteTestNG.java:111)
	at org.testng.remote.RemoteTestNG.initAndRun(RemoteTestNG.java:204)
	at org.testng.remote.RemoteTestNG.main(RemoteTestNG.java:175)
</pre></div><a href='#' onClick='toggleBox("stack-trace1322867651", this, "Click to show all stack frames", "Click to hide stack frames")'>Click to show all stack frames</a>
<div class='stack-trace' id='stack-trace1322867651'><pre>java.lang.AssertionError
	at com.dangdang.reader.testcases.PersonCenterTest.PurchaseEbookVirtualPaymentTest(PersonCenterTest.java:90)
	at sun.reflect.NativeMethodAccessorImpl.invoke0(Native Method)
	at sun.reflect.NativeMethodAccessorImpl.invoke(Unknown Source)
	at sun.reflect.DelegatingMethodAccessorImpl.invoke(Unknown Source)
	at java.lang.reflect.Method.invoke(Unknown Source)
	at org.testng.internal.MethodInvocationHelper.invokeMethod(MethodInvocationHelper.java:84)
	at org.testng.internal.Invoker.invokeMethod(Invoker.java:714)
	at org.testng.internal.Invoker.invokeTestMethod(Invoker.java:901)
	at org.testng.internal.Invoker.invokeTestMethods(Invoker.java:1231)
	at org.testng.internal.TestMethodWorker.invokeTestMethods(TestMethodWorker.java:127)
	at org.testng.internal.TestMethodWorker.run(TestMethodWorker.java:111)
	at org.testng.TestRunner.privateRun(TestRunner.java:767)
	at org.testng.TestRunner.run(TestRunner.java:617)
	at org.testng.SuiteRunner.runTest(SuiteRunner.java:334)
	at org.testng.SuiteRunner.runSequentially(SuiteRunner.java:329)
	at org.testng.SuiteRunner.privateRun(SuiteRunner.java:291)
	at org.testng.SuiteRunner.run(SuiteRunner.java:240)
	at org.testng.SuiteRunnerWorker.runSuite(SuiteRunnerWorker.java:52)
	at org.testng.SuiteRunnerWorker.run(SuiteRunnerWorker.java:86)
	at org.testng.TestNG.runSuitesSequentially(TestNG.java:1224)
	at org.testng.TestNG.runSuitesLocally(TestNG.java:1149)
	at org.testng.TestNG.run(TestNG.java:1057)
	at org.testng.remote.RemoteTestNG.run(RemoteTestNG.java:111)
	at org.testng.remote.RemoteTestNG.initAndRun(RemoteTestNG.java:204)
	at org.testng.remote.RemoteTestNG.main(RemoteTestNG.java:175)
</pre></div></td>
<td>43</td>
<td>com.dangdang.reader.testcases.PersonCenterTest@7a19a37a</td></tr>
<tr>
<td title='com.dangdang.reader.testcases.PersonCenterTest.PurchaseEbookVirtualPaymentTest()'><b>PurchaseEbookVirtualPaymentTest</b><br>Test class: com.dangdang.reader.testcases.PersonCenterTest<br>Parameters: 购买书籍id不存在, {action=purchaseEbookVirtualPayment, channelId=40000, clientOs=4.2.2, clientVersionNo=1.0, deviceSerialNo=863151026834264, deviceType=Android, from_url=103, macAddr=18:dc:56:36:67:9c, permanentId=20150110021451227105983711475801861, platformSource=DDXS-P, productIds=1900089402,12, resolution=540*960, returnType=json, serverVersionNo=1.2.1, sign=nEjkM6qqF6Z4rKPd3bLkWvDr9apVpmaj4fCTWlxV60s=, timestamp=1428469560378, token=f9cc0f90281bd39e0ce6167a3ee63f00}, -1005</td>
<td><div><pre>java.lang.AssertionError
	at com.dangdang.reader.testcases.PersonCenterTest.PurchaseEbookVirtualPaymentTest(PersonCenterTest.java:90)
	at sun.reflect.NativeMethodAccessorImpl.invoke0(Native Method)
	at sun.reflect.NativeMethodAccessorImpl.invoke(Unknown Source)
	at sun.reflect.DelegatingMethodAccessorImpl.invoke(Unknown Source)
	at java.lang.reflect.Method.invoke(Unknown Source)
	at org.testng.internal.MethodInvocationHelper.invokeMethod(MethodInvocationHelper.java:84)
	at org.testng.internal.Invoker.invokeMethod(Invoker.java:714)
	at org.testng.internal.Invoker.invokeTestMethod(Invoker.java:901)
	at org.testng.internal.Invoker.invokeTestMethods(Invoker.java:1231)
	at org.testng.internal.TestMethodWorker.invokeTestMethods(TestMethodWorker.java:127)
	at org.testng.internal.TestMethodWorker.run(TestMethodWorker.java:111)
	at org.testng.TestRunner.privateRun(TestRunner.java:767)
	at org.testng.TestRunner.run(TestRunner.java:617)
	at org.testng.SuiteRunner.runTest(SuiteRunner.java:334)
	at org.testng.SuiteRunner.runSequentially(SuiteRunner.java:329)
	at org.testng.SuiteRunner.privateRun(SuiteRunner.java:291)
	at org.testng.SuiteRunner.run(SuiteRunner.java:240)
	at org.testng.SuiteRunnerWorker.runSuite(SuiteRunnerWorker.java:52)
	at org.testng.SuiteRunnerWorker.run(SuiteRunnerWorker.java:86)
	at org.testng.TestNG.runSuitesSequentially(TestNG.java:1224)
	at org.testng.TestNG.runSuitesLocally(TestNG.java:1149)
	at org.testng.TestNG.run(TestNG.java:1057)
	at org.testng.remote.RemoteTestNG.run(RemoteTestNG.java:111)
	at org.testng.remote.RemoteTestNG.initAndRun(RemoteTestNG.java:204)
	at org.testng.remote.RemoteTestNG.main(RemoteTestNG.java:175)
</pre></div><a href='#' onClick='toggleBox("stack-trace465453136", this, "Click to show all stack frames", "Click to hide stack frames")'>Click to show all stack frames</a>
<div class='stack-trace' id='stack-trace465453136'><pre>java.lang.AssertionError
	at com.dangdang.reader.testcases.PersonCenterTest.PurchaseEbookVirtualPaymentTest(PersonCenterTest.java:90)
	at sun.reflect.NativeMethodAccessorImpl.invoke0(Native Method)
	at sun.reflect.NativeMethodAccessorImpl.invoke(Unknown Source)
	at sun.reflect.DelegatingMethodAccessorImpl.invoke(Unknown Source)
	at java.lang.reflect.Method.invoke(Unknown Source)
	at org.testng.internal.MethodInvocationHelper.invokeMethod(MethodInvocationHelper.java:84)
	at org.testng.internal.Invoker.invokeMethod(Invoker.java:714)
	at org.testng.internal.Invoker.invokeTestMethod(Invoker.java:901)
	at org.testng.internal.Invoker.invokeTestMethods(Invoker.java:1231)
	at org.testng.internal.TestMethodWorker.invokeTestMethods(TestMethodWorker.java:127)
	at org.testng.internal.TestMethodWorker.run(TestMethodWorker.java:111)
	at org.testng.TestRunner.privateRun(TestRunner.java:767)
	at org.testng.TestRunner.run(TestRunner.java:617)
	at org.testng.SuiteRunner.runTest(SuiteRunner.java:334)
	at org.testng.SuiteRunner.runSequentially(SuiteRunner.java:329)
	at org.testng.SuiteRunner.privateRun(SuiteRunner.java:291)
	at org.testng.SuiteRunner.run(SuiteRunner.java:240)
	at org.testng.SuiteRunnerWorker.runSuite(SuiteRunnerWorker.java:52)
	at org.testng.SuiteRunnerWorker.run(SuiteRunnerWorker.java:86)
	at org.testng.TestNG.runSuitesSequentially(TestNG.java:1224)
	at org.testng.TestNG.runSuitesLocally(TestNG.java:1149)
	at org.testng.TestNG.run(TestNG.java:1057)
	at org.testng.remote.RemoteTestNG.run(RemoteTestNG.java:111)
	at org.testng.remote.RemoteTestNG.initAndRun(RemoteTestNG.java:204)
	at org.testng.remote.RemoteTestNG.main(RemoteTestNG.java:175)
</pre></div></td>
<td>41</td>
<td>com.dangdang.reader.testcases.PersonCenterTest@7a19a37a</td></tr>
<tr>
<td title='com.dangdang.reader.testcases.PersonCenterTest.PurchaseEbookVirtualPaymentTest()'><b>PurchaseEbookVirtualPaymentTest</b><br>Test class: com.dangdang.reader.testcases.PersonCenterTest<br>Parameters: 购买多个书籍，其中有一个商品id不正确, {action=purchaseEbookVirtualPayment, channelId=40000, clientOs=4.2.2, clientVersionNo=1.0, deviceSerialNo=863151026834264, deviceType=Android, from_url=103, macAddr=18:dc:56:36:67:9c, permanentId=20150110021451227105983711475801861, platformSource=DDXS-P, productIds=1900089402,12, resolution=540*960, returnType=json, serverVersionNo=1.2.1, sign=qvlI8ORLprL54TP6F0iqM5OmsqpIeDNWcfAXUOGs8Kw=, timestamp=1428469600756, token=4cfe1b66a6a883b87fe38efcf3780f5a}, -1005</td>
<td><div><pre>java.lang.AssertionError
	at com.dangdang.reader.testcases.PersonCenterTest.PurchaseEbookVirtualPaymentTest(PersonCenterTest.java:90)
	at sun.reflect.NativeMethodAccessorImpl.invoke0(Native Method)
	at sun.reflect.NativeMethodAccessorImpl.invoke(Unknown Source)
	at sun.reflect.DelegatingMethodAccessorImpl.invoke(Unknown Source)
	at java.lang.reflect.Method.invoke(Unknown Source)
	at org.testng.internal.MethodInvocationHelper.invokeMethod(MethodInvocationHelper.java:84)
	at org.testng.internal.Invoker.invokeMethod(Invoker.java:714)
	at org.testng.internal.Invoker.invokeTestMethod(Invoker.java:901)
	at org.testng.internal.Invoker.invokeTestMethods(Invoker.java:1231)
	at org.testng.internal.TestMethodWorker.invokeTestMethods(TestMethodWorker.java:127)
	at org.testng.internal.TestMethodWorker.run(TestMethodWorker.java:111)
	at org.testng.TestRunner.privateRun(TestRunner.java:767)
	at org.testng.TestRunner.run(TestRunner.java:617)
	at org.testng.SuiteRunner.runTest(SuiteRunner.java:334)
	at org.testng.SuiteRunner.runSequentially(SuiteRunner.java:329)
	at org.testng.SuiteRunner.privateRun(SuiteRunner.java:291)
	at org.testng.SuiteRunner.run(SuiteRunner.java:240)
	at org.testng.SuiteRunnerWorker.runSuite(SuiteRunnerWorker.java:52)
	at org.testng.SuiteRunnerWorker.run(SuiteRunnerWorker.java:86)
	at org.testng.TestNG.runSuitesSequentially(TestNG.java:1224)
	at org.testng.TestNG.runSuitesLocally(TestNG.java:1149)
	at org.testng.TestNG.run(TestNG.java:1057)
	at org.testng.remote.RemoteTestNG.run(RemoteTestNG.java:111)
	at org.testng.remote.RemoteTestNG.initAndRun(RemoteTestNG.java:204)
	at org.testng.remote.RemoteTestNG.main(RemoteTestNG.java:175)
</pre></div><a href='#' onClick='toggleBox("stack-trace404250852", this, "Click to show all stack frames", "Click to hide stack frames")'>Click to show all stack frames</a>
<div class='stack-trace' id='stack-trace404250852'><pre>java.lang.AssertionError
	at com.dangdang.reader.testcases.PersonCenterTest.PurchaseEbookVirtualPaymentTest(PersonCenterTest.java:90)
	at sun.reflect.NativeMethodAccessorImpl.invoke0(Native Method)
	at sun.reflect.NativeMethodAccessorImpl.invoke(Unknown Source)
	at sun.reflect.DelegatingMethodAccessorImpl.invoke(Unknown Source)
	at java.lang.reflect.Method.invoke(Unknown Source)
	at org.testng.internal.MethodInvocationHelper.invokeMethod(MethodInvocationHelper.java:84)
	at org.testng.internal.Invoker.invokeMethod(Invoker.java:714)
	at org.testng.internal.Invoker.invokeTestMethod(Invoker.java:901)
	at org.testng.internal.Invoker.invokeTestMethods(Invoker.java:1231)
	at org.testng.internal.TestMethodWorker.invokeTestMethods(TestMethodWorker.java:127)
	at org.testng.internal.TestMethodWorker.run(TestMethodWorker.java:111)
	at org.testng.TestRunner.privateRun(TestRunner.java:767)
	at org.testng.TestRunner.run(TestRunner.java:617)
	at org.testng.SuiteRunner.runTest(SuiteRunner.java:334)
	at org.testng.SuiteRunner.runSequentially(SuiteRunner.java:329)
	at org.testng.SuiteRunner.privateRun(SuiteRunner.java:291)
	at org.testng.SuiteRunner.run(SuiteRunner.java:240)
	at org.testng.SuiteRunnerWorker.runSuite(SuiteRunnerWorker.java:52)
	at org.testng.SuiteRunnerWorker.run(SuiteRunnerWorker.java:86)
	at org.testng.TestNG.runSuitesSequentially(TestNG.java:1224)
	at org.testng.TestNG.runSuitesLocally(TestNG.java:1149)
	at org.testng.TestNG.run(TestNG.java:1057)
	at org.testng.remote.RemoteTestNG.run(RemoteTestNG.java:111)
	at org.testng.remote.RemoteTestNG.initAndRun(RemoteTestNG.java:204)
	at org.testng.remote.RemoteTestNG.main(RemoteTestNG.java:175)
</pre></div></td>
<td>40</td>
<td>com.dangdang.reader.testcases.PersonCenterTest@7a19a37a</td></tr>
<tr>
<td title='com.dangdang.reader.testcases.PersonCenterTest.PurchaseEbookVirtualPaymentTest()'><b>PurchaseEbookVirtualPaymentTest</b><br>Test class: com.dangdang.reader.testcases.PersonCenterTest<br>Parameters: 购买已下架书籍, {action=purchaseEbookVirtualPayment, channelId=40000, clientOs=4.2.2, clientVersionNo=1.0, deviceSerialNo=863151026834264, deviceType=Android, from_url=103, macAddr=18:dc:56:36:67:9c, permanentId=20150110021451227105983711475801861, platformSource=DDXS-P, productIds=1900090134, resolution=540*960, returnType=json, serverVersionNo=1.2.1, sign=WvCjSDPRcaoA+aqqVk5c3arYqqysZlUPUOT5pqxEUBc=, timestamp=1428469604228, token=0e09aec084ca3622d3911f1cb4f0a075}, 27200</td>
<td><div><pre>java.lang.AssertionError
	at com.dangdang.reader.testcases.PersonCenterTest.PurchaseEbookVirtualPaymentTest(PersonCenterTest.java:90)
	at sun.reflect.NativeMethodAccessorImpl.invoke0(Native Method)
	at sun.reflect.NativeMethodAccessorImpl.invoke(Unknown Source)
	at sun.reflect.DelegatingMethodAccessorImpl.invoke(Unknown Source)
	at java.lang.reflect.Method.invoke(Unknown Source)
	at org.testng.internal.MethodInvocationHelper.invokeMethod(MethodInvocationHelper.java:84)
	at org.testng.internal.Invoker.invokeMethod(Invoker.java:714)
	at org.testng.internal.Invoker.invokeTestMethod(Invoker.java:901)
	at org.testng.internal.Invoker.invokeTestMethods(Invoker.java:1231)
	at org.testng.internal.TestMethodWorker.invokeTestMethods(TestMethodWorker.java:127)
	at org.testng.internal.TestMethodWorker.run(TestMethodWorker.java:111)
	at org.testng.TestRunner.privateRun(TestRunner.java:767)
	at org.testng.TestRunner.run(TestRunner.java:617)
	at org.testng.SuiteRunner.runTest(SuiteRunner.java:334)
	at org.testng.SuiteRunner.runSequentially(SuiteRunner.java:329)
	at org.testng.SuiteRunner.privateRun(SuiteRunner.java:291)
	at org.testng.SuiteRunner.run(SuiteRunner.java:240)
	at org.testng.SuiteRunnerWorker.runSuite(SuiteRunnerWorker.java:52)
	at org.testng.SuiteRunnerWorker.run(SuiteRunnerWorker.java:86)
	at org.testng.TestNG.runSuitesSequentially(TestNG.java:1224)
	at org.testng.TestNG.runSuitesLocally(TestNG.java:1149)
	at org.testng.TestNG.run(TestNG.java:1057)
	at org.testng.remote.RemoteTestNG.run(RemoteTestNG.java:111)
	at org.testng.remote.RemoteTestNG.initAndRun(RemoteTestNG.java:204)
	at org.testng.remote.RemoteTestNG.main(RemoteTestNG.java:175)
</pre></div><a href='#' onClick='toggleBox("stack-trace855749717", this, "Click to show all stack frames", "Click to hide stack frames")'>Click to show all stack frames</a>
<div class='stack-trace' id='stack-trace855749717'><pre>java.lang.AssertionError
	at com.dangdang.reader.testcases.PersonCenterTest.PurchaseEbookVirtualPaymentTest(PersonCenterTest.java:90)
	at sun.reflect.NativeMethodAccessorImpl.invoke0(Native Method)
	at sun.reflect.NativeMethodAccessorImpl.invoke(Unknown Source)
	at sun.reflect.DelegatingMethodAccessorImpl.invoke(Unknown Source)
	at java.lang.reflect.Method.invoke(Unknown Source)
	at org.testng.internal.MethodInvocationHelper.invokeMethod(MethodInvocationHelper.java:84)
	at org.testng.internal.Invoker.invokeMethod(Invoker.java:714)
	at org.testng.internal.Invoker.invokeTestMethod(Invoker.java:901)
	at org.testng.internal.Invoker.invokeTestMethods(Invoker.java:1231)
	at org.testng.internal.TestMethodWorker.invokeTestMethods(TestMethodWorker.java:127)
	at org.testng.internal.TestMethodWorker.run(TestMethodWorker.java:111)
	at org.testng.TestRunner.privateRun(TestRunner.java:767)
	at org.testng.TestRunner.run(TestRunner.java:617)
	at org.testng.SuiteRunner.runTest(SuiteRunner.java:334)
	at org.testng.SuiteRunner.runSequentially(SuiteRunner.java:329)
	at org.testng.SuiteRunner.privateRun(SuiteRunner.java:291)
	at org.testng.SuiteRunner.run(SuiteRunner.java:240)
	at org.testng.SuiteRunnerWorker.runSuite(SuiteRunnerWorker.java:52)
	at org.testng.SuiteRunnerWorker.run(SuiteRunnerWorker.java:86)
	at org.testng.TestNG.runSuitesSequentially(TestNG.java:1224)
	at org.testng.TestNG.runSuitesLocally(TestNG.java:1149)
	at org.testng.TestNG.run(TestNG.java:1057)
	at org.testng.remote.RemoteTestNG.run(RemoteTestNG.java:111)
	at org.testng.remote.RemoteTestNG.initAndRun(RemoteTestNG.java:204)
	at org.testng.remote.RemoteTestNG.main(RemoteTestNG.java:175)
</pre></div></td>
<td>2</td>
<td>com.dangdang.reader.testcases.PersonCenterTest@7a19a37a</td></tr>
<tr>
<td title='com.dangdang.reader.testcases.PersonCenterTest.PurchaseEbookVirtualPaymentTest()'><b>PurchaseEbookVirtualPaymentTest</b><br>Test class: com.dangdang.reader.testcases.PersonCenterTest<br>Parameters: timestamp不正确, {action=purchaseEbookVirtualPayment, channelId=40000, clientOs=4.2.2, clientVersionNo=1.0, deviceSerialNo=863151026834264, deviceType=Android, from_url=103, macAddr=18:dc:56:36:67:9c, permanentId=20150110021451227105983711475801861, platformSource=DDXS-P, productIds=1900089402, resolution=540*960, returnType=json, serverVersionNo=1.2.1, sign=ANjk9aqVaqb5UKOHWlpVquH1VWaqpuiqrFb1TvAz+lk=, timestamp=12313123, token=3090b36c3633217b953c72d5dec3bd7d}, 0</td>
<td><div><pre>java.lang.AssertionError
	at com.dangdang.reader.testcases.PersonCenterTest.PurchaseEbookVirtualPaymentTest(PersonCenterTest.java:90)
	at sun.reflect.NativeMethodAccessorImpl.invoke0(Native Method)
	at sun.reflect.NativeMethodAccessorImpl.invoke(Unknown Source)
	at sun.reflect.DelegatingMethodAccessorImpl.invoke(Unknown Source)
	at java.lang.reflect.Method.invoke(Unknown Source)
	at org.testng.internal.MethodInvocationHelper.invokeMethod(MethodInvocationHelper.java:84)
	at org.testng.internal.Invoker.invokeMethod(Invoker.java:714)
	at org.testng.internal.Invoker.invokeTestMethod(Invoker.java:901)
	at org.testng.internal.Invoker.invokeTestMethods(Invoker.java:1231)
	at org.testng.internal.TestMethodWorker.invokeTestMethods(TestMethodWorker.java:127)
	at org.testng.internal.TestMethodWorker.run(TestMethodWorker.java:111)
	at org.testng.TestRunner.privateRun(TestRunner.java:767)
	at org.testng.TestRunner.run(TestRunner.java:617)
	at org.testng.SuiteRunner.runTest(SuiteRunner.java:334)
	at org.testng.SuiteRunner.runSequentially(SuiteRunner.java:329)
	at org.testng.SuiteRunner.privateRun(SuiteRunner.java:291)
	at org.testng.SuiteRunner.run(SuiteRunner.java:240)
	at org.testng.SuiteRunnerWorker.runSuite(SuiteRunnerWorker.java:52)
	at org.testng.SuiteRunnerWorker.run(SuiteRunnerWorker.java:86)
	at org.testng.TestNG.runSuitesSequentially(TestNG.java:1224)
	at org.testng.TestNG.runSuitesLocally(TestNG.java:1149)
	at org.testng.TestNG.run(TestNG.java:1057)
	at org.testng.remote.RemoteTestNG.run(RemoteTestNG.java:111)
	at org.testng.remote.RemoteTestNG.initAndRun(RemoteTestNG.java:204)
	at org.testng.remote.RemoteTestNG.main(RemoteTestNG.java:175)
</pre></div><a href='#' onClick='toggleBox("stack-trace319885105", this, "Click to show all stack frames", "Click to hide stack frames")'>Click to show all stack frames</a>
<div class='stack-trace' id='stack-trace319885105'><pre>java.lang.AssertionError
	at com.dangdang.reader.testcases.PersonCenterTest.PurchaseEbookVirtualPaymentTest(PersonCenterTest.java:90)
	at sun.reflect.NativeMethodAccessorImpl.invoke0(Native Method)
	at sun.reflect.NativeMethodAccessorImpl.invoke(Unknown Source)
	at sun.reflect.DelegatingMethodAccessorImpl.invoke(Unknown Source)
	at java.lang.reflect.Method.invoke(Unknown Source)
	at org.testng.internal.MethodInvocationHelper.invokeMethod(MethodInvocationHelper.java:84)
	at org.testng.internal.Invoker.invokeMethod(Invoker.java:714)
	at org.testng.internal.Invoker.invokeTestMethod(Invoker.java:901)
	at org.testng.internal.Invoker.invokeTestMethods(Invoker.java:1231)
	at org.testng.internal.TestMethodWorker.invokeTestMethods(TestMethodWorker.java:127)
	at org.testng.internal.TestMethodWorker.run(TestMethodWorker.java:111)
	at org.testng.TestRunner.privateRun(TestRunner.java:767)
	at org.testng.TestRunner.run(TestRunner.java:617)
	at org.testng.SuiteRunner.runTest(SuiteRunner.java:334)
	at org.testng.SuiteRunner.runSequentially(SuiteRunner.java:329)
	at org.testng.SuiteRunner.privateRun(SuiteRunner.java:291)
	at org.testng.SuiteRunner.run(SuiteRunner.java:240)
	at org.testng.SuiteRunnerWorker.runSuite(SuiteRunnerWorker.java:52)
	at org.testng.SuiteRunnerWorker.run(SuiteRunnerWorker.java:86)
	at org.testng.TestNG.runSuitesSequentially(TestNG.java:1224)
	at org.testng.TestNG.runSuitesLocally(TestNG.java:1149)
	at org.testng.TestNG.run(TestNG.java:1057)
	at org.testng.remote.RemoteTestNG.run(RemoteTestNG.java:111)
	at org.testng.remote.RemoteTestNG.initAndRun(RemoteTestNG.java:204)
	at org.testng.remote.RemoteTestNG.main(RemoteTestNG.java:175)
</pre></div></td>
<td>40</td>
<td>com.dangdang.reader.testcases.PersonCenterTest@7a19a37a</td></tr>
<tr>
<td title='com.dangdang.reader.testcases.PersonCenterTest.directBuyTest()'><b>directBuyTest</b><br>Test class: com.dangdang.reader.testcases.PersonCenterTest</td>
<td><div><pre>java.lang.AssertionError
	at com.dangdang.reader.testcases.PersonCenterTest.directBuyTest(PersonCenterTest.java:125)
	at sun.reflect.NativeMethodAccessorImpl.invoke0(Native Method)
	at sun.reflect.NativeMethodAccessorImpl.invoke(Unknown Source)
	at sun.reflect.DelegatingMethodAccessorImpl.invoke(Unknown Source)
	at java.lang.reflect.Method.invoke(Unknown Source)
	at org.testng.internal.MethodInvocationHelper.invokeMethod(MethodInvocationHelper.java:84)
	at org.testng.internal.Invoker.invokeMethod(Invoker.java:714)
	at org.testng.internal.Invoker.invokeTestMethod(Invoker.java:901)
	at org.testng.internal.Invoker.invokeTestMethods(Invoker.java:1231)
	at org.testng.internal.TestMethodWorker.invokeTestMethods(TestMethodWorker.java:127)
	at org.testng.internal.TestMethodWorker.run(TestMethodWorker.java:111)
	at org.testng.TestRunner.privateRun(TestRunner.java:767)
	at org.testng.TestRunner.run(TestRunner.java:617)
	at org.testng.SuiteRunner.runTest(SuiteRunner.java:334)
	at org.testng.SuiteRunner.runSequentially(SuiteRunner.java:329)
	at org.testng.SuiteRunner.privateRun(SuiteRunner.java:291)
	at org.testng.SuiteRunner.run(SuiteRunner.java:240)
	at org.testng.SuiteRunnerWorker.runSuite(SuiteRunnerWorker.java:52)
	at org.testng.SuiteRunnerWorker.run(SuiteRunnerWorker.java:86)
	at org.testng.TestNG.runSuitesSequentially(TestNG.java:1224)
	at org.testng.TestNG.runSuitesLocally(TestNG.java:1149)
	at org.testng.TestNG.run(TestNG.java:1057)
	at org.testng.remote.RemoteTestNG.run(RemoteTestNG.java:111)
	at org.testng.remote.RemoteTestNG.initAndRun(RemoteTestNG.java:204)
	at org.testng.remote.RemoteTestNG.main(RemoteTestNG.java:175)
</pre></div><a href='#' onClick='toggleBox("stack-trace203060563", this, "Click to show all stack frames", "Click to hide stack frames")'>Click to show all stack frames</a>
<div class='stack-trace' id='stack-trace203060563'><pre>java.lang.AssertionError
	at com.dangdang.reader.testcases.PersonCenterTest.directBuyTest(PersonCenterTest.java:125)
	at sun.reflect.NativeMethodAccessorImpl.invoke0(Native Method)
	at sun.reflect.NativeMethodAccessorImpl.invoke(Unknown Source)
	at sun.reflect.DelegatingMethodAccessorImpl.invoke(Unknown Source)
	at java.lang.reflect.Method.invoke(Unknown Source)
	at org.testng.internal.MethodInvocationHelper.invokeMethod(MethodInvocationHelper.java:84)
	at org.testng.internal.Invoker.invokeMethod(Invoker.java:714)
	at org.testng.internal.Invoker.invokeTestMethod(Invoker.java:901)
	at org.testng.internal.Invoker.invokeTestMethods(Invoker.java:1231)
	at org.testng.internal.TestMethodWorker.invokeTestMethods(TestMethodWorker.java:127)
	at org.testng.internal.TestMethodWorker.run(TestMethodWorker.java:111)
	at org.testng.TestRunner.privateRun(TestRunner.java:767)
	at org.testng.TestRunner.run(TestRunner.java:617)
	at org.testng.SuiteRunner.runTest(SuiteRunner.java:334)
	at org.testng.SuiteRunner.runSequentially(SuiteRunner.java:329)
	at org.testng.SuiteRunner.privateRun(SuiteRunner.java:291)
	at org.testng.SuiteRunner.run(SuiteRunner.java:240)
	at org.testng.SuiteRunnerWorker.runSuite(SuiteRunnerWorker.java:52)
	at org.testng.SuiteRunnerWorker.run(SuiteRunnerWorker.java:86)
	at org.testng.TestNG.runSuitesSequentially(TestNG.java:1224)
	at org.testng.TestNG.runSuitesLocally(TestNG.java:1149)
	at org.testng.TestNG.run(TestNG.java:1057)
	at org.testng.remote.RemoteTestNG.run(RemoteTestNG.java:111)
	at org.testng.remote.RemoteTestNG.initAndRun(RemoteTestNG.java:204)
	at org.testng.remote.RemoteTestNG.main(RemoteTestNG.java:175)
</pre></div></td>
<td>7</td>
<td>com.dangdang.reader.testcases.PersonCenterTest@7a19a37a</td></tr>
</table><p>
<table width='100%' border='1' class='invocation-passed'>
<tr><td colspan='4' align='center'><b>PASSED TESTS</b></td></tr>
<tr><td><b>Test method</b></td>
<td width="30%"><b>Exception</b></td>
<td width="10%"><b>Time (seconds)</b></td>
<td><b>Instance</b></td>
</tr>
<tr>
<td title='com.dangdang.reader.testcases.PersonCenterTest.ConsumerDepositRecordTest()'><b>ConsumerDepositRecordTest</b><br>Test class: com.dangdang.reader.testcases.PersonCenterTest<br>Parameters: 正常流程, {action=getConsumerDeposit, channelId=40000, clientOs=4.2.2, clientVersionNo=1.0, deviceSerialNo=863151026834264, deviceType=Android, end=10, fromPaltform=ds_android, macAddr=18:dc:56:36:67:9c, permanentId=20150110021451227105983711475801861, platformSource=DDXS-P, resolution=540*960, returnType=json, serverVersionNo=1.2.1, start=0, token=d818a6c7eb901f64949f3723bbaed275}, 0</td>
<td></td>
<td>1</td>
<td>com.dangdang.reader.testcases.PersonCenterTest@7a19a37a</td></tr>
<tr>
<td title='com.dangdang.reader.testcases.PersonCenterTest.ConsumerDepositRecordTest()'><b>ConsumerDepositRecordTest</b><br>Test class: com.dangdang.reader.testcases.PersonCenterTest<br>Parameters: 未登录, {action=getConsumerDeposit, channelId=40000, clientOs=4.2.2, clientVersionNo=1.0, deviceSerialNo=863151026834264, deviceType=Android, end=10, fromPaltform=ds_android, macAddr=18:dc:56:36:67:9c, permanentId=20150110021451227105983711475801861, platformSource=DDXS-P, resolution=540*960, returnType=json, serverVersionNo=1.2.1, start=0}, 10003</td>
<td></td>
<td>0</td>
<td>com.dangdang.reader.testcases.PersonCenterTest@7a19a37a</td></tr>
<tr>
<td title='com.dangdang.reader.testcases.PersonCenterTest.ConsumerDepositRecordTest()'><b>ConsumerDepositRecordTest</b><br>Test class: com.dangdang.reader.testcases.PersonCenterTest<br>Parameters: 不传start, {action=getConsumerDeposit, channelId=40000, clientOs=4.2.2, clientVersionNo=1.0, deviceSerialNo=863151026834264, deviceType=Android, end=10, fromPaltform=ds_android, macAddr=18:dc:56:36:67:9c, permanentId=20150110021451227105983711475801861, platformSource=DDXS-P, resolution=540*960, returnType=json, serverVersionNo=1.2.1, token=5616842988051ba861c33cda915cce5e}, 10002</td>
<td></td>
<td>0</td>
<td>com.dangdang.reader.testcases.PersonCenterTest@7a19a37a</td></tr>
<tr>
<td title='com.dangdang.reader.testcases.PersonCenterTest.ConsumerDepositRecordTest()'><b>ConsumerDepositRecordTest</b><br>Test class: com.dangdang.reader.testcases.PersonCenterTest<br>Parameters: 不传end, {action=getConsumerDeposit, channelId=40000, clientOs=4.2.2, clientVersionNo=1.0, deviceSerialNo=863151026834264, deviceType=Android, fromPaltform=ds_android, macAddr=18:dc:56:36:67:9c, permanentId=20150110021451227105983711475801861, platformSource=DDXS-P, resolution=540*960, returnType=json, serverVersionNo=1.2.1, start=0, token=5616842988051ba861c33cda915cce5e}, 10002</td>
<td></td>
<td>0</td>
<td>com.dangdang.reader.testcases.PersonCenterTest@7a19a37a</td></tr>
<tr>
<td title='com.dangdang.reader.testcases.PersonCenterTest.ConsumerDepositRecordTest()'><b>ConsumerDepositRecordTest</b><br>Test class: com.dangdang.reader.testcases.PersonCenterTest<br>Parameters: start为非数字, {action=getConsumerDeposit, channelId=40000, clientOs=4.2.2, clientVersionNo=1.0, deviceSerialNo=863151026834264, deviceType=Android, end=10, fromPaltform=ds_android, macAddr=18:dc:56:36:67:9c, permanentId=20150110021451227105983711475801861, platformSource=DDXS-P, resolution=540*960, returnType=json, serverVersionNo=1.2.1, token=354428400a6bb542fd67ece5d72b5606}, 10002</td>
<td></td>
<td>0</td>
<td>com.dangdang.reader.testcases.PersonCenterTest@7a19a37a</td></tr>
<tr>
<td title='com.dangdang.reader.testcases.PersonCenterTest.ConsumerDepositRecordTest()'><b>ConsumerDepositRecordTest</b><br>Test class: com.dangdang.reader.testcases.PersonCenterTest<br>Parameters: end为非数字, {action=getConsumerDeposit, channelId=40000, clientOs=4.2.2, clientVersionNo=1.0, deviceSerialNo=863151026834264, deviceType=Android, fromPaltform=ds_android, macAddr=18:dc:56:36:67:9c, permanentId=20150110021451227105983711475801861, platformSource=DDXS-P, resolution=540*960, returnType=json, serverVersionNo=1.2.1, start=0, token=354428400a6bb542fd67ece5d72b5606}, 10002</td>
<td></td>
<td>0</td>
<td>com.dangdang.reader.testcases.PersonCenterTest@7a19a37a</td></tr>
<tr>
<td title='com.dangdang.reader.testcases.PersonCenterTest.ConsumerDepositTest()'><b>ConsumerDepositTest</b><br>Test class: com.dangdang.reader.testcases.PersonCenterTest<br>Parameters: 未登录用户, {action=consumerDeposit, channelId=40000, clientOs=4.2.2, clientVersionNo=1.0, depositOrderNo=auto, deviceSerialNo=863151026834264, deviceType=Android, fromPaltform=ds_android, macAddr=18:dc:56:36:67:9c, md5Sign=34763ee2dd66b8c3a745d030f0c2d47a, payTime=1428469386273, paymentId=1010, permanentId=20150110021451227105983711475801861, platformSource=DDXS-P, relationProductId=auto, resolution=540*960, returnType=json, serverVersionNo=1.2.1, token=1234}, 10003</td>
<td></td>
<td>0</td>
<td>com.dangdang.reader.testcases.PersonCenterTest@7a19a37a</td></tr>
<tr>
<td title='com.dangdang.reader.testcases.PersonCenterTest.ConsumerDepositTest()'><b>ConsumerDepositTest</b><br>Test class: com.dangdang.reader.testcases.PersonCenterTest<br>Parameters: paymentId不正确, {action=consumerDeposit, channelId=40000, clientOs=4.2.2, clientVersionNo=1.0, depositOrderNo=22110669257, deviceSerialNo=863151026834264, deviceType=Android, fromPaltform=ds_android, macAddr=18:dc:56:36:67:9c, md5Sign=bf5cc448e7d546b7af8d2d56aa687e6c, payTime=1428469392065, paymentId=12345, permanentId=20150110021451227105983711475801861, platformSource=DDXS-P, relationProductId=1900101193, resolution=540*960, returnType=json, serverVersionNo=1.2.1, token=5f014375c7b8daf67e097791bd95144c}, 10000</td>
<td></td>
<td>5</td>
<td>com.dangdang.reader.testcases.PersonCenterTest@7a19a37a</td></tr>
<tr>
<td title='com.dangdang.reader.testcases.PersonCenterTest.ConsumerDepositTest()'><b>ConsumerDepositTest</b><br>Test class: com.dangdang.reader.testcases.PersonCenterTest<br>Parameters: paymentId不传, {action=consumerDeposit, channelId=40000, clientOs=4.2.2, clientVersionNo=1.0, depositOrderNo=22110669277, deviceSerialNo=863151026834264, deviceType=Android, fromPaltform=ds_android, macAddr=18:dc:56:36:67:9c, md5Sign=9c0a7cda91560bb8632c6127637cee08, payTime=1428469397727, permanentId=20150110021451227105983711475801861, platformSource=DDXS-P, relationProductId=1900101193, resolution=540*960, returnType=json, serverVersionNo=1.2.1, token=1d65fdff054de92dfe9b79f362845ee9}, 10002</td>
<td></td>
<td>5</td>
<td>com.dangdang.reader.testcases.PersonCenterTest@7a19a37a</td></tr>
<tr>
<td title='com.dangdang.reader.testcases.PersonCenterTest.ConsumerDepositTest()'><b>ConsumerDepositTest</b><br>Test class: com.dangdang.reader.testcases.PersonCenterTest<br>Parameters: paytime不传, {action=consumerDeposit, channelId=40000, clientOs=4.2.2, clientVersionNo=1.0, depositOrderNo=22110669297, deviceSerialNo=863151026834264, deviceType=Android, fromPaltform=ds_android, macAddr=18:dc:56:36:67:9c, md5Sign=393f166e42fe3242fcf22051ca74df54, paymentId=1010, permanentId=20150110021451227105983711475801861, platformSource=DDXS-P, relationProductId=1900101193, resolution=540*960, returnType=json, serverVersionNo=1.2.1, token=ad4785df18abe158a74ef9183d8abc71}, 10002</td>
<td></td>
<td>5</td>
<td>com.dangdang.reader.testcases.PersonCenterTest@7a19a37a</td></tr>
<tr>
<td title='com.dangdang.reader.testcases.PersonCenterTest.ConsumerDepositTest()'><b>ConsumerDepositTest</b><br>Test class: com.dangdang.reader.testcases.PersonCenterTest<br>Parameters: paytime格式正确, {action=consumerDeposit, channelId=40000, clientOs=4.2.2, clientVersionNo=1.0, depositOrderNo=22110669317, deviceSerialNo=863151026834264, deviceType=Android, fromPaltform=ds_android, macAddr=18:dc:56:36:67:9c, md5Sign=da4d5b80f35037ccb4e1e9b2bf015fa4, payTime=asdfdsfds, paymentId=1010, permanentId=20150110021451227105983711475801861, platformSource=DDXS-P, relationProductId=1900101193, resolution=540*960, returnType=json, serverVersionNo=1.2.1, token=49dcdc2430493c229f332ed01823627c}, 10002</td>
<td></td>
<td>6</td>
<td>com.dangdang.reader.testcases.PersonCenterTest@7a19a37a</td></tr>
<tr>
<td title='com.dangdang.reader.testcases.PersonCenterTest.ConsumerDepositTest()'><b>ConsumerDepositTest</b><br>Test class: com.dangdang.reader.testcases.PersonCenterTest<br>Parameters: depositOrderNo不传, {action=consumerDeposit, channelId=40000, clientOs=4.2.2, clientVersionNo=1.0, deviceSerialNo=863151026834264, deviceType=Android, fromPaltform=ds_android, macAddr=18:dc:56:36:67:9c, md5Sign=270200714e26e8959d272871d9bac8f9, payTime=1428469410351, paymentId=1010, permanentId=20150110021451227105983711475801861, platformSource=DDXS-P, relationProductId=1900101193, resolution=540*960, returnType=json, serverVersionNo=1.2.1, token=9f6b74f9823fbbacf3544f15bf189a21}, 10002</td>
<td></td>
<td>0</td>
<td>com.dangdang.reader.testcases.PersonCenterTest@7a19a37a</td></tr>
<tr>
<td title='com.dangdang.reader.testcases.PersonCenterTest.ConsumerDepositTest()'><b>ConsumerDepositTest</b><br>Test class: com.dangdang.reader.testcases.PersonCenterTest<br>Parameters: relationProductId不传, {action=consumerDeposit, channelId=40000, clientOs=4.2.2, clientVersionNo=1.0, depositOrderNo=auto, deviceSerialNo=863151026834264, deviceType=Android, fromPaltform=ds_android, macAddr=18:dc:56:36:67:9c, md5Sign=a5fbd87c0fa79e471eb37f084c2ca034, payTime=1428469411382, paymentId=1010, permanentId=20150110021451227105983711475801861, platformSource=DDXS-P, resolution=540*960, returnType=json, serverVersionNo=1.2.1, token=b7168429e5c7d371c30b526d30af516f}, 10000</td>
<td></td>
<td>0</td>
<td>com.dangdang.reader.testcases.PersonCenterTest@7a19a37a</td></tr>
<tr>
<td title='com.dangdang.reader.testcases.PersonCenterTest.ConsumerDepositTest()'><b>ConsumerDepositTest</b><br>Test class: com.dangdang.reader.testcases.PersonCenterTest<br>Parameters: 订单中的relationProductId参数中的不一致, {action=consumerDeposit, channelId=40000, clientOs=4.2.2, clientVersionNo=1.0, depositOrderNo=22110669337, deviceSerialNo=863151026834264, deviceType=Android, fromPaltform=ds_android, macAddr=18:dc:56:36:67:9c, md5Sign=85e599becdc6c1d347acf58ced2b62e2, payTime=1428469417753, paymentId=1012, permanentId=20150110021451227105983711475801861, platformSource=DDXS-P, relationProductId=1900705483, resolution=540*960, returnType=json, serverVersionNo=1.2.1, token=b1f4263cf8db5aeb100c6aca9c77f91a}, 10000</td>
<td></td>
<td>6</td>
<td>com.dangdang.reader.testcases.PersonCenterTest@7a19a37a</td></tr>
<tr>
<td title='com.dangdang.reader.testcases.PersonCenterTest.ConsumerDepositTest()'><b>ConsumerDepositTest</b><br>Test class: com.dangdang.reader.testcases.PersonCenterTest<br>Parameters: md5key不正确, {action=consumerDeposit, channelId=40000, clientOs=4.2.2, clientVersionNo=1.0, depositOrderNo=22110669357, deviceSerialNo=863151026834264, deviceType=Android, fromPaltform=ds_android, macAddr=18:dc:56:36:67:9c, md5Sign=ced0ea718b529ac77c4999ac312fbf2f, payTime=1428469423515, paymentId=1010, permanentId=20150110021451227105983711475801861, platformSource=DDXS-P, relationProductId=1900101193, resolution=540*960, returnType=json, serverVersionNo=1.2.1, token=0d7604dccc40531aad3ec0cb22470541}, 18011</td>
<td></td>
<td>5</td>
<td>com.dangdang.reader.testcases.PersonCenterTest@7a19a37a</td></tr>
<tr>
<td title='com.dangdang.reader.testcases.PersonCenterTest.ConsumerDepositTest()'><b>ConsumerDepositTest</b><br>Test class: com.dangdang.reader.testcases.PersonCenterTest<br>Parameters: 不传md5Sign, {action=consumerDeposit, channelId=40000, clientOs=4.2.2, clientVersionNo=1.0, depositOrderNo=22110669377, deviceSerialNo=863151026834264, deviceType=Android, fromPaltform=ds_android, macAddr=18:dc:56:36:67:9c, payTime=1428469430846, paymentId=1010, permanentId=20150110021451227105983711475801861, platformSource=DDXS-P, relationProductId=1900101193, resolution=540*960, returnType=json, serverVersionNo=1.2.1, token=e07143cbe2b4bea6e51460c7ab5346a4}, 18011</td>
<td></td>
<td>7</td>
<td>com.dangdang.reader.testcases.PersonCenterTest@7a19a37a</td></tr>
<tr>
<td title='com.dangdang.reader.testcases.PersonCenterTest.DepositShowViewTest()'><b>DepositShowViewTest</b><br>Test class: com.dangdang.reader.testcases.PersonCenterTest<br>Parameters: 正常流程, {action=getDSDepositShowView, channelId=40000, clientOs=4.2.2, clientVersionNo=1.0, deviceSerialNo=863151026834264, deviceType=Android, fromPaltform=ds_android, macAddr=18:dc:56:36:67:9c, permanentId=20150110021451227105983711475801861, platformSource=DDXS-P, resolution=540*960, returnType=json, serverVersionNo=1.2.1, token=8b3ba12e38b08a5e758001a6ff74703c}, 0</td>
<td></td>
<td>0</td>
<td>com.dangdang.reader.testcases.PersonCenterTest@7a19a37a</td></tr>
<tr>
<td title='com.dangdang.reader.testcases.PersonCenterTest.DepositShowViewTest()'><b>DepositShowViewTest</b><br>Test class: com.dangdang.reader.testcases.PersonCenterTest<br>Parameters: 未登录情况, {action=getDSDepositShowView, channelId=40000, clientOs=4.2.2, clientVersionNo=1.0, deviceSerialNo=863151026834264, deviceType=Android, fromPaltform=ds_android, macAddr=18:dc:56:36:67:9c, permanentId=20150110021451227105983711475801861, platformSource=DDXS-P, resolution=540*960, returnType=json, serverVersionNo=1.2.1}, 10003</td>
<td></td>
<td>0</td>
<td>com.dangdang.reader.testcases.PersonCenterTest@7a19a37a</td></tr>
<tr>
<td title='com.dangdang.reader.testcases.PersonCenterTest.DepositShowViewTest()'><b>DepositShowViewTest</b><br>Test class: com.dangdang.reader.testcases.PersonCenterTest<br>Parameters: fromPaltform不传，默认为yc_android, {action=getDSDepositShowView, channelId=40000, clientOs=4.2.2, clientVersionNo=1.0, deviceSerialNo=863151026834264, deviceType=Android, macAddr=18:dc:56:36:67:9c, permanentId=20150110021451227105983711475801861, platformSource=DDXS-P, resolution=540*960, returnType=json, serverVersionNo=1.2.1, token=1b426e863aa00e2651fbb02a3a32b2f9}, 0</td>
<td></td>
<td>0</td>
<td>com.dangdang.reader.testcases.PersonCenterTest@7a19a37a</td></tr>
<tr>
<td title='com.dangdang.reader.testcases.PersonCenterTest.DepositShowViewTest()'><b>DepositShowViewTest</b><br>Test class: com.dangdang.reader.testcases.PersonCenterTest<br>Parameters: fromPaltform不正确, {action=getDSDepositShowView, channelId=40000, clientOs=4.2.2, clientVersionNo=1.0, deviceSerialNo=863151026834264, deviceType=Android, fromPaltform=test, macAddr=18:dc:56:36:67:9c, permanentId=20150110021451227105983711475801861, platformSource=DDXS-P, resolution=540*960, returnType=json, serverVersionNo=1.2.1, token=1b426e863aa00e2651fbb02a3a32b2f9}, 10002</td>
<td></td>
<td>0</td>
<td>com.dangdang.reader.testcases.PersonCenterTest@7a19a37a</td></tr>
<tr>
<td title='com.dangdang.reader.testcases.PersonCenterTest.GetAccountTest()'><b>GetAccountTest</b><br>Test class: com.dangdang.reader.testcases.PersonCenterTest<br>Parameters: 未登录用户, {action=getAccount, channelId=40000, clientOs=4.2.2, clientVersionNo=1.0, deviceSerialNo=863151026834264, deviceType=Android, macAddr=18:dc:56:36:67:9c, permanentId=20150110021451227105983711475801861, platformSource=DDXS-P, resolution=540*960, returnType=json, serverVersionNo=1.2.1}, -1003</td>
<td></td>
<td>0</td>
<td>com.dangdang.reader.testcases.PersonCenterTest@7a19a37a</td></tr>
<tr>
<td title='com.dangdang.reader.testcases.bookstore.GetEbookOrderFlowV2TestCase.GetEbookOrderFlowV2Test()'><b>GetEbookOrderFlowV2Test</b><br>Test class: com.dangdang.reader.testcases.bookstore.GetEbookOrderFlowV2TestCase<br>Parameters: 不传token, {action=getEbookOrderFlowV2, channelId=40000, clientOs=4.2.2, clientVersionNo=1.0, deviceSerialNo=863151026834264, deviceType=Android, macAddr=18:dc:56:36:67:9c, permanentId=20150110021451227105983711475801861, platformSource=DDXS-P, productIds=1900089256, resolution=540*960, returnType=json, serverVersionNo=1.2.1}, -1003</td>
<td></td>
<td>0</td>
<td>com.dangdang.reader.testcases.bookstore.GetEbookOrderFlowV2TestCase@494b6bed</td></tr>
<tr>
<td title='com.dangdang.reader.testcases.bookstore.GetEbookOrderFlowV2TestCase.GetEbookOrderFlowV2Test()'><b>GetEbookOrderFlowV2Test</b><br>Test class: com.dangdang.reader.testcases.bookstore.GetEbookOrderFlowV2TestCase<br>Parameters: token不正确, {action=getEbookOrderFlowV2, channelId=40000, clientOs=4.2.2, clientVersionNo=1.0, deviceSerialNo=863151026834264, deviceType=Android, macAddr=18:dc:56:36:67:9c, permanentId=20150110021451227105983711475801861, platformSource=DDXS-P, productIds=1900089256, resolution=540*960, returnType=json, serverVersionNo=1.2.1, token=12345}, 1</td>
<td></td>
<td>0</td>
<td>com.dangdang.reader.testcases.bookstore.GetEbookOrderFlowV2TestCase@494b6bed</td></tr>
<tr>
<td title='com.dangdang.reader.testcases.bookstore.GetEbookOrderFlowV2TestCase.GetEbookOrderFlowV2Test()'><b>GetEbookOrderFlowV2Test</b><br>Test class: com.dangdang.reader.testcases.bookstore.GetEbookOrderFlowV2TestCase<br>Parameters: 不传productIds, {action=getEbookOrderFlowV2, channelId=40000, clientOs=4.2.2, clientVersionNo=1.0, deviceSerialNo=863151026834264, deviceType=Android, macAddr=18:dc:56:36:67:9c, permanentId=20150110021451227105983711475801861, platformSource=DDXS-P, resolution=540*960, returnType=json, serverVersionNo=1.2.1, token=314d2d773eae271bcffe9fdcaa037f47}, -1003</td>
<td></td>
<td>0</td>
<td>com.dangdang.reader.testcases.bookstore.GetEbookOrderFlowV2TestCase@494b6bed</td></tr>
<tr>
<td title='com.dangdang.reader.testcases.bookstore.GetRechargeVirtualPidTestCase.GetRechargeVirtualPidTest()'><b>GetRechargeVirtualPidTest</b><br>Test class: com.dangdang.reader.testcases.bookstore.GetRechargeVirtualPidTestCase<br>Parameters: 获取55铃铛, {action=getRechargeVirtualPid, channelId=40000, clientOs=4.2.2, clientVersionNo=1.0, deviceSerialNo=863151026834264, deviceType=Android, macAddr=18:dc:56:36:67:9c, payable=55, permanentId=20150110021451227105983711475801861, platformSource=DDXS-P, resolution=540*960, returnType=json, serverVersionNo=1.2.1, token=e668faab3791c999d5c66f6b1b9bf497}, 0</td>
<td></td>
<td>0</td>
<td>com.dangdang.reader.testcases.bookstore.GetRechargeVirtualPidTestCase@1d2c5431</td></tr>
<tr>
<td title='com.dangdang.reader.testcases.bookstore.GetRechargeVirtualPidTestCase.GetRechargeVirtualPidTest()'><b>GetRechargeVirtualPidTest</b><br>Test class: com.dangdang.reader.testcases.bookstore.GetRechargeVirtualPidTestCase<br>Parameters: 获取5铃铛, {action=getRechargeVirtualPid, channelId=40000, clientOs=4.2.2, clientVersionNo=1.0, deviceSerialNo=863151026834264, deviceType=Android, macAddr=18:dc:56:36:67:9c, payable=5, permanentId=20150110021451227105983711475801861, platformSource=DDXS-P, resolution=540*960, returnType=json, serverVersionNo=1.2.1, token=e668faab3791c999d5c66f6b1b9bf497}, 0</td>
<td></td>
<td>0</td>
<td>com.dangdang.reader.testcases.bookstore.GetRechargeVirtualPidTestCase@1d2c5431</td></tr>
<tr>
<td title='com.dangdang.reader.testcases.bookstore.GetRechargeVirtualPidTestCase.GetRechargeVirtualPidTest()'><b>GetRechargeVirtualPidTest</b><br>Test class: com.dangdang.reader.testcases.bookstore.GetRechargeVirtualPidTestCase<br>Parameters: 获取50铃铛, {action=getRechargeVirtualPid, channelId=40000, clientOs=4.2.2, clientVersionNo=1.0, deviceSerialNo=863151026834264, deviceType=Android, macAddr=18:dc:56:36:67:9c, payable=50, permanentId=20150110021451227105983711475801861, platformSource=DDXS-P, resolution=540*960, returnType=json, serverVersionNo=1.2.1, token=e668faab3791c999d5c66f6b1b9bf497}, 0</td>
<td></td>
<td>0</td>
<td>com.dangdang.reader.testcases.bookstore.GetRechargeVirtualPidTestCase@1d2c5431</td></tr>
<tr>
<td title='com.dangdang.reader.testcases.bookstore.GetRechargeVirtualPidTestCase.GetRechargeVirtualPidTest()'><b>GetRechargeVirtualPidTest</b><br>Test class: com.dangdang.reader.testcases.bookstore.GetRechargeVirtualPidTestCase<br>Parameters: 获取98铃铛, {action=getRechargeVirtualPid, channelId=40000, clientOs=4.2.2, clientVersionNo=1.0, deviceSerialNo=863151026834264, deviceType=Android, macAddr=18:dc:56:36:67:9c, payable=98, permanentId=20150110021451227105983711475801861, platformSource=DDXS-P, resolution=540*960, returnType=json, serverVersionNo=1.2.1, token=886987694b24428e7460f14c084503c2}, 0</td>
<td></td>
<td>0</td>
<td>com.dangdang.reader.testcases.bookstore.GetRechargeVirtualPidTestCase@1d2c5431</td></tr>
<tr>
<td title='com.dangdang.reader.testcases.bookstore.GetRechargeVirtualPidTestCase.GetRechargeVirtualPidTest()'><b>GetRechargeVirtualPidTest</b><br>Test class: com.dangdang.reader.testcases.bookstore.GetRechargeVirtualPidTestCase<br>Parameters: 获取99铃铛, {action=getRechargeVirtualPid, channelId=40000, clientOs=4.2.2, clientVersionNo=1.0, deviceSerialNo=863151026834264, deviceType=Android, macAddr=18:dc:56:36:67:9c, payable=99, permanentId=20150110021451227105983711475801861, platformSource=DDXS-P, resolution=540*960, returnType=json, serverVersionNo=1.2.1, token=d1c2f84c48c2137180d250258a2da073}, 0</td>
<td></td>
<td>0</td>
<td>com.dangdang.reader.testcases.bookstore.GetRechargeVirtualPidTestCase@1d2c5431</td></tr>
<tr>
<td title='com.dangdang.reader.testcases.bookstore.GetRechargeVirtualPidTestCase.GetRechargeVirtualPidTest()'><b>GetRechargeVirtualPidTest</b><br>Test class: com.dangdang.reader.testcases.bookstore.GetRechargeVirtualPidTestCase<br>Parameters: 获取100铃铛, {action=getRechargeVirtualPid, channelId=40000, clientOs=4.2.2, clientVersionNo=1.0, deviceSerialNo=863151026834264, deviceType=Android, macAddr=18:dc:56:36:67:9c, payable=100, permanentId=20150110021451227105983711475801861, platformSource=DDXS-P, resolution=540*960, returnType=json, serverVersionNo=1.2.1, token=d1c2f84c48c2137180d250258a2da073}, 0</td>
<td></td>
<td>0</td>
<td>com.dangdang.reader.testcases.bookstore.GetRechargeVirtualPidTestCase@1d2c5431</td></tr>
<tr>
<td title='com.dangdang.reader.testcases.bookstore.GetRechargeVirtualPidTestCase.GetRechargeVirtualPidTest()'><b>GetRechargeVirtualPidTest</b><br>Test class: com.dangdang.reader.testcases.bookstore.GetRechargeVirtualPidTestCase<br>Parameters: 获取200铃铛, {action=getRechargeVirtualPid, channelId=40000, clientOs=4.2.2, clientVersionNo=1.0, deviceSerialNo=863151026834264, deviceType=Android, macAddr=18:dc:56:36:67:9c, payable=200, permanentId=20150110021451227105983711475801861, platformSource=DDXS-P, resolution=540*960, returnType=json, serverVersionNo=1.2.1, token=d1c2f84c48c2137180d250258a2da073}, 0</td>
<td></td>
<td>0</td>
<td>com.dangdang.reader.testcases.bookstore.GetRechargeVirtualPidTestCase@1d2c5431</td></tr>
<tr>
<td title='com.dangdang.reader.testcases.bookstore.GetRechargeVirtualPidTestCase.GetRechargeVirtualPidTest()'><b>GetRechargeVirtualPidTest</b><br>Test class: com.dangdang.reader.testcases.bookstore.GetRechargeVirtualPidTestCase<br>Parameters: 获取101铃铛, {action=getRechargeVirtualPid, channelId=40000, clientOs=4.2.2, clientVersionNo=1.0, deviceSerialNo=863151026834264, deviceType=Android, macAddr=18:dc:56:36:67:9c, payable=101, permanentId=20150110021451227105983711475801861, platformSource=DDXS-P, resolution=540*960, returnType=json, serverVersionNo=1.2.1, token=5ac9d461a456a49997eb5885682d1603}, 0</td>
<td></td>
<td>0</td>
<td>com.dangdang.reader.testcases.bookstore.GetRechargeVirtualPidTestCase@1d2c5431</td></tr>
<tr>
<td title='com.dangdang.reader.testcases.bookstore.GetRechargeVirtualPidTestCase.GetRechargeVirtualPidTest()'><b>GetRechargeVirtualPidTest</b><br>Test class: com.dangdang.reader.testcases.bookstore.GetRechargeVirtualPidTestCase<br>Parameters: 获取1铃铛, {action=getRechargeVirtualPid, channelId=40000, clientOs=4.2.2, clientVersionNo=1.0, deviceSerialNo=863151026834264, deviceType=Android, macAddr=18:dc:56:36:67:9c, payable=1, permanentId=20150110021451227105983711475801861, platformSource=DDXS-P, resolution=540*960, returnType=json, serverVersionNo=1.2.1, token=5ac9d461a456a49997eb5885682d1603}, 0</td>
<td></td>
<td>0</td>
<td>com.dangdang.reader.testcases.bookstore.GetRechargeVirtualPidTestCase@1d2c5431</td></tr>
<tr>
<td title='com.dangdang.reader.testcases.bookstore.GetRechargeVirtualPidTestCase.GetRechargeVirtualPidTest()'><b>GetRechargeVirtualPidTest</b><br>Test class: com.dangdang.reader.testcases.bookstore.GetRechargeVirtualPidTestCase<br>Parameters: 获取198铃铛, {action=getRechargeVirtualPid, channelId=40000, clientOs=4.2.2, clientVersionNo=1.0, deviceSerialNo=863151026834264, deviceType=Android, macAddr=18:dc:56:36:67:9c, payable=198, permanentId=20150110021451227105983711475801861, platformSource=DDXS-P, resolution=540*960, returnType=json, serverVersionNo=1.2.1, token=5ac9d461a456a49997eb5885682d1603}, 0</td>
<td></td>
<td>0</td>
<td>com.dangdang.reader.testcases.bookstore.GetRechargeVirtualPidTestCase@1d2c5431</td></tr>
<tr>
<td title='com.dangdang.reader.testcases.bookstore.GetRechargeVirtualPidTestCase.GetRechargeVirtualPidTest()'><b>GetRechargeVirtualPidTest</b><br>Test class: com.dangdang.reader.testcases.bookstore.GetRechargeVirtualPidTestCase<br>Parameters: 获取298铃铛, {action=getRechargeVirtualPid, channelId=40000, clientOs=4.2.2, clientVersionNo=1.0, deviceSerialNo=863151026834264, deviceType=Android, macAddr=18:dc:56:36:67:9c, payable=199, permanentId=20150110021451227105983711475801861, platformSource=DDXS-P, resolution=540*960, returnType=json, serverVersionNo=1.2.1, token=d818a6c7eb901f64949f3723bbaed275}, 0</td>
<td></td>
<td>0</td>
<td>com.dangdang.reader.testcases.bookstore.GetRechargeVirtualPidTestCase@1d2c5431</td></tr>
<tr>
<td title='com.dangdang.reader.testcases.PersonCenterTest.PurchaseEbookVirtualPaymentTest()'><b>PurchaseEbookVirtualPaymentTest</b><br>Test class: com.dangdang.reader.testcases.PersonCenterTest<br>Parameters: 账户余额不足, {action=purchaseEbookVirtualPayment, channelId=40000, clientOs=4.2.2, clientVersionNo=1.0, deviceSerialNo=863151026834264, deviceType=Android, from_url=103, macAddr=18:dc:56:36:67:9c, permanentId=20150110021451227105983711475801861, platformSource=DDXS-P, productIds=1900089256, resolution=540*960, returnType=json, serverVersionNo=1.2.1, sign=cQCco6z/pjPd6Dwo5FXwpeT/rFxQVfBHqlBW5KPd9VU=, timestamp=1428469520158, token=1d503c444087560683dc2c64d38bb4cb}, 27100</td>
<td></td>
<td>2</td>
<td>com.dangdang.reader.testcases.PersonCenterTest@7a19a37a</td></tr>
<tr>
<td title='com.dangdang.reader.testcases.PersonCenterTest.PurchaseEbookVirtualPaymentTest()'><b>PurchaseEbookVirtualPaymentTest</b><br>Test class: com.dangdang.reader.testcases.PersonCenterTest<br>Parameters: 不传productIds, {action=purchaseEbookVirtualPayment, channelId=40000, clientOs=4.2.2, clientVersionNo=1.0, deviceSerialNo=863151026834264, deviceType=Android, from_url=103, macAddr=18:dc:56:36:67:9c, permanentId=20150110021451227105983711475801861, platformSource=DDXS-P, resolution=540*960, returnType=json, serverVersionNo=1.2.1, sign=8KPkrFb5M/BQlVb19VXwM1zhqvDkqk5x5A/1rFxQo1U=, timestamp=1428469606090, token=cfad8266c964ffd5b21085ae45298486}, -1003</td>
<td></td>
<td>0</td>
<td>com.dangdang.reader.testcases.PersonCenterTest@7a19a37a</td></tr>
<tr>
<td title='com.dangdang.reader.testcases.PersonCenterTest.PurchaseEbookVirtualPaymentTest()'><b>PurchaseEbookVirtualPaymentTest</b><br>Test class: com.dangdang.reader.testcases.PersonCenterTest<br>Parameters: 不传sign, {action=purchaseEbookVirtualPayment, channelId=40000, clientOs=4.2.2, clientVersionNo=1.0, deviceSerialNo=863151026834264, deviceType=Android, from_url=103, macAddr=18:dc:56:36:67:9c, permanentId=20150110021451227105983711475801861, platformSource=DDXS-P, productIds=1900089402, resolution=540*960, returnType=json, serverVersionNo=1.2.1, timestamp=1428469644747, token=cfad8266c964ffd5b21085ae45298486}, -1003</td>
<td></td>
<td>39</td>
<td>com.dangdang.reader.testcases.PersonCenterTest@7a19a37a</td></tr>
<tr>
<td title='com.dangdang.reader.testcases.PersonCenterTest.PurchaseEbookVirtualPaymentTest()'><b>PurchaseEbookVirtualPaymentTest</b><br>Test class: com.dangdang.reader.testcases.PersonCenterTest<br>Parameters: 不传timestamp, {action=purchaseEbookVirtualPayment, channelId=40000, clientOs=4.2.2, clientVersionNo=1.0, deviceSerialNo=863151026834264, deviceType=Android, from_url=103, macAddr=18:dc:56:36:67:9c, permanentId=20150110021451227105983711475801861, platformSource=DDXS-P, productIds=1900089402, resolution=540*960, returnType=json, serverVersionNo=1.2.1, sign=ZqrhVfD16+T5M+FVUPWsXEjdR6z10eRHk6ZxUPWcXFA=, token=aebc2aa1c17ca0eacf99395e3b4cb556}, -1003</td>
<td></td>
<td>39</td>
<td>com.dangdang.reader.testcases.PersonCenterTest@7a19a37a</td></tr>
<tr>
<td title='com.dangdang.reader.testcases.PersonCenterTest.PurchaseEbookVirtualPaymentTest()'><b>PurchaseEbookVirtualPaymentTest</b><br>Test class: com.dangdang.reader.testcases.PersonCenterTest<br>Parameters: sign不正确, {action=purchaseEbookVirtualPayment, channelId=40000, clientOs=4.2.2, clientVersionNo=1.0, deviceSerialNo=863151026834264, deviceType=Android, from_url=103, macAddr=18:dc:56:36:67:9c, permanentId=20150110021451227105983711475801861, platformSource=DDXS-P, productIds=1900089402, resolution=540*960, returnType=json, serverVersionNo=1.2.1, sign=12312aasdsdsds, timestamp=1428469724562, token=e511cab8fa9e9cc7dca8855cfddaa6ca}, -1005</td>
<td></td>
<td>40</td>
<td>com.dangdang.reader.testcases.PersonCenterTest@7a19a37a</td></tr>
<tr>
<td title='com.dangdang.reader.testcases.PersonCenterTest.PurchaseEbookVirtualPaymentTest()'><b>PurchaseEbookVirtualPaymentTest</b><br>Test class: com.dangdang.reader.testcases.PersonCenterTest<br>Parameters: from_url不传, {action=purchaseEbookVirtualPayment, channelId=40000, clientOs=4.2.2, clientVersionNo=1.0, deviceSerialNo=863151026834264, deviceType=Android, macAddr=18:dc:56:36:67:9c, permanentId=20150110021451227105983711475801861, platformSource=DDXS-P, productIds=1900089402, resolution=540*960, returnType=json, serverVersionNo=1.2.1, sign=ANjk9aqVaqb5UKOHWlpVquH1VWaqpuiqrFb1TvAz+lk=, timestamp=12313123, token=d2cddacc0753a715317817f41a5d64b8}, -1003</td>
<td></td>
<td>40</td>
<td>com.dangdang.reader.testcases.PersonCenterTest@7a19a37a</td></tr>
</table><p>
</body>
</html>